Fri, 12 Jan 2024 01:59:09 GMT express:application set "x-powered-by" to true
Fri, 12 Jan 2024 01:59:09 GMT express:application set "etag" to 'weak'
Fri, 12 Jan 2024 01:59:09 GMT express:application set "etag fn" to [Function: generateETag]
Fri, 12 Jan 2024 01:59:09 GMT express:application set "env" to 'development'
Fri, 12 Jan 2024 01:59:09 GMT express:application set "query parser" to 'extended'
Fri, 12 Jan 2024 01:59:09 GMT express:application set "query parser fn" to [Function: parseExtendedQueryString]
Fri, 12 Jan 2024 01:59:09 GMT express:application set "subdomain offset" to 2
Fri, 12 Jan 2024 01:59:09 GMT express:application set "trust proxy" to false
Fri, 12 Jan 2024 01:59:09 GMT express:application set "trust proxy fn" to [Function: trustNone]
Fri, 12 Jan 2024 01:59:09 GMT express:application booting in development mode
Fri, 12 Jan 2024 01:59:09 GMT express:application set "view" to [Function: View]
Fri, 12 Jan 2024 01:59:09 GMT express:application set "views" to '/Users/niel/Sites/keyrock/nodejs-backend/views'
Fri, 12 Jan 2024 01:59:09 GMT express:application set "jsonp callback name" to 'callback'
Fri, 12 Jan 2024 01:59:09 GMT express:router use '/' query
Fri, 12 Jan 2024 01:59:09 GMT express:router:layer new '/'
Fri, 12 Jan 2024 01:59:09 GMT express:router use '/' expressInit
Fri, 12 Jan 2024 01:59:09 GMT express:router:layer new '/'
Fri, 12 Jan 2024 01:59:09 GMT express:router use '/' corsMiddleware
Fri, 12 Jan 2024 01:59:09 GMT express:router:layer new '/'
Fri, 12 Jan 2024 01:59:09 GMT express:router:route new '/'
Fri, 12 Jan 2024 01:59:09 GMT express:router:layer new '/'
Fri, 12 Jan 2024 01:59:09 GMT express:router:route get '/'
Fri, 12 Jan 2024 01:59:09 GMT express:router:layer new '/'
Fri, 12 Jan 2024 01:59:09 GMT express:router:route new '/login'
Fri, 12 Jan 2024 01:59:09 GMT express:router:layer new '/login'
Fri, 12 Jan 2024 01:59:09 GMT express:router:route post '/login'
Fri, 12 Jan 2024 01:59:09 GMT express:router:layer new '/'
Fri, 12 Jan 2024 01:59:09 GMT express:router:route new '/panel'
Fri, 12 Jan 2024 01:59:09 GMT express:router:layer new '/panel'
Fri, 12 Jan 2024 01:59:09 GMT express:router:route get '/panel'
Fri, 12 Jan 2024 01:59:09 GMT express:router:layer new '/'
Fri, 12 Jan 2024 01:59:09 GMT express:router:route get '/panel'
Fri, 12 Jan 2024 01:59:09 GMT express:router:layer new '/'
Fri, 12 Jan 2024 01:59:09 GMT express:router:route new '/panel/algorithms/add'
Fri, 12 Jan 2024 01:59:09 GMT express:router:layer new '/panel/algorithms/add'
Fri, 12 Jan 2024 01:59:09 GMT express:router:route get '/panel/algorithms/add'
Fri, 12 Jan 2024 01:59:09 GMT express:router:layer new '/'
Fri, 12 Jan 2024 01:59:09 GMT express:router:route get '/panel/algorithms/add'
Fri, 12 Jan 2024 01:59:09 GMT express:router:layer new '/'
Fri, 12 Jan 2024 01:59:09 GMT express:router:route new '/panel/algorithms/add'
Fri, 12 Jan 2024 01:59:09 GMT express:router:layer new '/panel/algorithms/add'
Fri, 12 Jan 2024 01:59:09 GMT express:router:route post '/panel/algorithms/add'
Fri, 12 Jan 2024 01:59:09 GMT express:router:layer new '/'
Fri, 12 Jan 2024 01:59:09 GMT express:router:route post '/panel/algorithms/add'
Fri, 12 Jan 2024 01:59:09 GMT express:router:layer new '/'
Fri, 12 Jan 2024 01:59:09 GMT express:application set "views" to '/Users/niel/Sites/keyrock/nodejs-backend/views'
Fri, 12 Jan 2024 01:59:09 GMT express:application set "view engine" to 'jade'
Fri, 12 Jan 2024 01:59:09 GMT express:router use '/' logger
Fri, 12 Jan 2024 01:59:09 GMT express:router:layer new '/'
Fri, 12 Jan 2024 01:59:09 GMT express:router use '/' jsonParser
Fri, 12 Jan 2024 01:59:09 GMT express:router:layer new '/'
Fri, 12 Jan 2024 01:59:09 GMT express:router use '/' urlencodedParser
Fri, 12 Jan 2024 01:59:09 GMT express:router:layer new '/'
Fri, 12 Jan 2024 01:59:09 GMT express:router use '/' cookieParser
Fri, 12 Jan 2024 01:59:09 GMT express:router:layer new '/'
Fri, 12 Jan 2024 01:59:09 GMT express:router use '/' serveStatic
Fri, 12 Jan 2024 01:59:09 GMT express:router:layer new '/'
Fri, 12 Jan 2024 01:59:09 GMT express:router use '/' session
Fri, 12 Jan 2024 01:59:09 GMT express:router:layer new '/'
Fri, 12 Jan 2024 01:59:09 GMT express:router use '/' router
Fri, 12 Jan 2024 01:59:09 GMT express:router:layer new '/'
Fri, 12 Jan 2024 01:59:09 GMT express:router use '/' <anonymous>
Fri, 12 Jan 2024 01:59:09 GMT express:router:layer new '/'
Fri, 12 Jan 2024 01:59:09 GMT express:router use '/' <anonymous>
Fri, 12 Jan 2024 01:59:09 GMT express:router:layer new '/'
Fri, 12 Jan 2024 01:59:09 GMT express:application set "port" to 3000
Fri, 12 Jan 2024 01:59:09 GMT nodejs-backend:server Listening on port 3000
Fri, 12 Jan 2024 01:59:19 GMT express:router dispatching GET /panel/algorithms/add
Fri, 12 Jan 2024 01:59:19 GMT express:router query  : /panel/algorithms/add
Fri, 12 Jan 2024 01:59:19 GMT express:router expressInit  : /panel/algorithms/add
Fri, 12 Jan 2024 01:59:19 GMT express:router corsMiddleware  : /panel/algorithms/add
Fri, 12 Jan 2024 01:59:19 GMT express:router logger  : /panel/algorithms/add
Fri, 12 Jan 2024 01:59:19 GMT express:router jsonParser  : /panel/algorithms/add
Fri, 12 Jan 2024 01:59:19 GMT body-parser:json skip empty body
Fri, 12 Jan 2024 01:59:19 GMT express:router urlencodedParser  : /panel/algorithms/add
Fri, 12 Jan 2024 01:59:19 GMT body-parser:urlencoded skip empty body
Fri, 12 Jan 2024 01:59:19 GMT express:router cookieParser  : /panel/algorithms/add
Fri, 12 Jan 2024 01:59:19 GMT express:router serveStatic  : /panel/algorithms/add
Fri, 12 Jan 2024 01:59:19 GMT send stat "/Users/niel/Sites/keyrock/nodejs-backend/public/panel/algorithms/add"
Fri, 12 Jan 2024 01:59:19 GMT express:router session  : /panel/algorithms/add
Fri, 12 Jan 2024 01:59:19 GMT express-session fetching cVxBCjIihzYUs0Pj4kyVidw6qyC2USML
Fri, 12 Jan 2024 01:59:19 GMT express-session no session found
Fri, 12 Jan 2024 01:59:19 GMT express:router router  : /panel/algorithms/add
Fri, 12 Jan 2024 01:59:19 GMT express:router dispatching GET /panel/algorithms/add
Fri, 12 Jan 2024 01:59:19 GMT express-session saving eBn4lELplZDkBdc7UX0aF3x-SL93vInB
Fri, 12 Jan 2024 01:59:19 GMT express-session set-cookie connect.sid=s%3AeBn4lELplZDkBdc7UX0aF3x-SL93vInB.dPdZcIsN1n9Uss0iScbXCnxcazvo9RnkulPpzCArFXY; Path=/; Expires=Sat, 13 Jan 2024 01:59:19 GMT; HttpOnly
Fri, 12 Jan 2024 01:59:19 GMT express-session split response
Fri, 12 Jan 2024 01:59:19 GMT morgan log request
Fri, 12 Jan 2024 01:59:19 GMT express:router dispatching GET /
Fri, 12 Jan 2024 01:59:19 GMT express:router query  : /
Fri, 12 Jan 2024 01:59:19 GMT express:router expressInit  : /
Fri, 12 Jan 2024 01:59:19 GMT express:router corsMiddleware  : /
Fri, 12 Jan 2024 01:59:19 GMT express:router logger  : /
Fri, 12 Jan 2024 01:59:19 GMT express:router jsonParser  : /
Fri, 12 Jan 2024 01:59:19 GMT body-parser:json skip empty body
Fri, 12 Jan 2024 01:59:19 GMT express:router urlencodedParser  : /
Fri, 12 Jan 2024 01:59:19 GMT body-parser:urlencoded skip empty body
Fri, 12 Jan 2024 01:59:19 GMT express:router cookieParser  : /
Fri, 12 Jan 2024 01:59:19 GMT express:router serveStatic  : /
Fri, 12 Jan 2024 01:59:19 GMT send stat "/Users/niel/Sites/keyrock/nodejs-backend/public/index.html"
Fri, 12 Jan 2024 01:59:19 GMT express:router session  : /
Fri, 12 Jan 2024 01:59:19 GMT express-session fetching eBn4lELplZDkBdc7UX0aF3x-SL93vInB
Fri, 12 Jan 2024 01:59:19 GMT express-session session found
Fri, 12 Jan 2024 01:59:19 GMT express:router router  : /
Fri, 12 Jan 2024 01:59:19 GMT express:router dispatching GET /
Fri, 12 Jan 2024 01:59:19 GMT express:view require "jade"
Fri, 12 Jan 2024 01:59:19 GMT express:view lookup "index.jade"
Fri, 12 Jan 2024 01:59:19 GMT express:view stat "/Users/niel/Sites/keyrock/nodejs-backend/views/index.jade"
Fri, 12 Jan 2024 01:59:19 GMT express:view render "/Users/niel/Sites/keyrock/nodejs-backend/views/index.jade"
Fri, 12 Jan 2024 01:59:19 GMT express-session touching
Fri, 12 Jan 2024 01:59:19 GMT express-session split response
Fri, 12 Jan 2024 01:59:19 GMT express-session touched
Fri, 12 Jan 2024 01:59:19 GMT morgan log request
Fri, 12 Jan 2024 01:59:19 GMT express:router dispatching GET /stylesheets/style.css
Fri, 12 Jan 2024 01:59:19 GMT express:router query  : /stylesheets/style.css
Fri, 12 Jan 2024 01:59:19 GMT express:router expressInit  : /stylesheets/style.css
Fri, 12 Jan 2024 01:59:19 GMT express:router corsMiddleware  : /stylesheets/style.css
Fri, 12 Jan 2024 01:59:19 GMT express:router logger  : /stylesheets/style.css
Fri, 12 Jan 2024 01:59:19 GMT express:router jsonParser  : /stylesheets/style.css
Fri, 12 Jan 2024 01:59:19 GMT body-parser:json skip empty body
Fri, 12 Jan 2024 01:59:19 GMT express:router urlencodedParser  : /stylesheets/style.css
Fri, 12 Jan 2024 01:59:19 GMT body-parser:urlencoded skip empty body
Fri, 12 Jan 2024 01:59:19 GMT express:router cookieParser  : /stylesheets/style.css
Fri, 12 Jan 2024 01:59:19 GMT express:router serveStatic  : /stylesheets/style.css
Fri, 12 Jan 2024 01:59:19 GMT send stat "/Users/niel/Sites/keyrock/nodejs-backend/public/stylesheets/style.css"
Fri, 12 Jan 2024 01:59:19 GMT send pipe "/Users/niel/Sites/keyrock/nodejs-backend/public/stylesheets/style.css"
Fri, 12 Jan 2024 01:59:19 GMT send accept ranges
Fri, 12 Jan 2024 01:59:19 GMT send cache-control public, max-age=0
Fri, 12 Jan 2024 01:59:19 GMT send modified Fri, 12 Jan 2024 01:09:52 GMT
Fri, 12 Jan 2024 01:59:19 GMT send etag W/"682-18cfb37e1a6"
Fri, 12 Jan 2024 01:59:19 GMT send content-type text/css
Fri, 12 Jan 2024 01:59:19 GMT send not modified
Fri, 12 Jan 2024 01:59:19 GMT morgan log request
Fri, 12 Jan 2024 01:59:19 GMT express:router dispatching GET /stylesheets/index.css
Fri, 12 Jan 2024 01:59:19 GMT express:router query  : /stylesheets/index.css
Fri, 12 Jan 2024 01:59:19 GMT express:router expressInit  : /stylesheets/index.css
Fri, 12 Jan 2024 01:59:19 GMT express:router corsMiddleware  : /stylesheets/index.css
Fri, 12 Jan 2024 01:59:19 GMT express:router logger  : /stylesheets/index.css
Fri, 12 Jan 2024 01:59:19 GMT express:router jsonParser  : /stylesheets/index.css
Fri, 12 Jan 2024 01:59:19 GMT body-parser:json skip empty body
Fri, 12 Jan 2024 01:59:19 GMT express:router urlencodedParser  : /stylesheets/index.css
Fri, 12 Jan 2024 01:59:19 GMT body-parser:urlencoded skip empty body
Fri, 12 Jan 2024 01:59:19 GMT express:router cookieParser  : /stylesheets/index.css
Fri, 12 Jan 2024 01:59:19 GMT express:router serveStatic  : /stylesheets/index.css
Fri, 12 Jan 2024 01:59:19 GMT send stat "/Users/niel/Sites/keyrock/nodejs-backend/public/stylesheets/index.css"
Fri, 12 Jan 2024 01:59:19 GMT send pipe "/Users/niel/Sites/keyrock/nodejs-backend/public/stylesheets/index.css"
Fri, 12 Jan 2024 01:59:19 GMT send accept ranges
Fri, 12 Jan 2024 01:59:19 GMT send cache-control public, max-age=0
Fri, 12 Jan 2024 01:59:19 GMT send modified Fri, 29 Dec 2023 00:15:39 GMT
Fri, 12 Jan 2024 01:59:19 GMT send etag W/"378-18cb2ed3782"
Fri, 12 Jan 2024 01:59:19 GMT send content-type text/css
Fri, 12 Jan 2024 01:59:19 GMT send not modified
Fri, 12 Jan 2024 01:59:19 GMT morgan log request
Fri, 12 Jan 2024 01:59:19 GMT express:router dispatching GET /images/logo.png
Fri, 12 Jan 2024 01:59:19 GMT express:router query  : /images/logo.png
Fri, 12 Jan 2024 01:59:19 GMT express:router expressInit  : /images/logo.png
Fri, 12 Jan 2024 01:59:19 GMT express:router corsMiddleware  : /images/logo.png
Fri, 12 Jan 2024 01:59:19 GMT express:router logger  : /images/logo.png
Fri, 12 Jan 2024 01:59:19 GMT express:router jsonParser  : /images/logo.png
Fri, 12 Jan 2024 01:59:19 GMT body-parser:json skip empty body
Fri, 12 Jan 2024 01:59:19 GMT express:router urlencodedParser  : /images/logo.png
Fri, 12 Jan 2024 01:59:19 GMT body-parser:urlencoded skip empty body
Fri, 12 Jan 2024 01:59:19 GMT express:router cookieParser  : /images/logo.png
Fri, 12 Jan 2024 01:59:19 GMT express:router serveStatic  : /images/logo.png
Fri, 12 Jan 2024 01:59:19 GMT send stat "/Users/niel/Sites/keyrock/nodejs-backend/public/images/logo.png"
Fri, 12 Jan 2024 01:59:19 GMT send pipe "/Users/niel/Sites/keyrock/nodejs-backend/public/images/logo.png"
Fri, 12 Jan 2024 01:59:19 GMT send accept ranges
Fri, 12 Jan 2024 01:59:19 GMT send cache-control public, max-age=0
Fri, 12 Jan 2024 01:59:19 GMT send modified Tue, 26 Dec 2023 22:46:09 GMT
Fri, 12 Jan 2024 01:59:19 GMT send etag W/"10430-18ca84e8f3e"
Fri, 12 Jan 2024 01:59:19 GMT send content-type image/png
Fri, 12 Jan 2024 01:59:19 GMT send not modified
Fri, 12 Jan 2024 01:59:19 GMT morgan log request
Fri, 12 Jan 2024 02:00:03 GMT express:router dispatching POST /login
Fri, 12 Jan 2024 02:00:03 GMT express:router query  : /login
Fri, 12 Jan 2024 02:00:03 GMT express:router expressInit  : /login
Fri, 12 Jan 2024 02:00:03 GMT express:router corsMiddleware  : /login
Fri, 12 Jan 2024 02:00:03 GMT express:router logger  : /login
Fri, 12 Jan 2024 02:00:03 GMT express:router jsonParser  : /login
Fri, 12 Jan 2024 02:00:03 GMT body-parser:json content-type "application/x-www-form-urlencoded"
Fri, 12 Jan 2024 02:00:03 GMT body-parser:json skip parsing
Fri, 12 Jan 2024 02:00:03 GMT express:router urlencodedParser  : /login
Fri, 12 Jan 2024 02:00:03 GMT body-parser:urlencoded content-type "application/x-www-form-urlencoded"
Fri, 12 Jan 2024 02:00:03 GMT body-parser:urlencoded content-encoding "identity"
Fri, 12 Jan 2024 02:00:03 GMT body-parser:urlencoded read body
Fri, 12 Jan 2024 02:00:03 GMT body-parser:urlencoded parse body
Fri, 12 Jan 2024 02:00:03 GMT body-parser:urlencoded parse urlencoding
Fri, 12 Jan 2024 02:00:03 GMT express:router cookieParser  : /login
Fri, 12 Jan 2024 02:00:03 GMT express:router serveStatic  : /login
Fri, 12 Jan 2024 02:00:03 GMT express:router session  : /login
Fri, 12 Jan 2024 02:00:03 GMT express-session fetching eBn4lELplZDkBdc7UX0aF3x-SL93vInB
Fri, 12 Jan 2024 02:00:03 GMT express-session session found
Fri, 12 Jan 2024 02:00:03 GMT express:router router  : /login
Fri, 12 Jan 2024 02:00:03 GMT express:router dispatching POST /login
Fri, 12 Jan 2024 02:00:03 GMT express-session saving eBn4lELplZDkBdc7UX0aF3x-SL93vInB
Fri, 12 Jan 2024 02:00:03 GMT express-session set-cookie connect.sid=s%3AeBn4lELplZDkBdc7UX0aF3x-SL93vInB.dPdZcIsN1n9Uss0iScbXCnxcazvo9RnkulPpzCArFXY; Path=/; Expires=Sat, 13 Jan 2024 02:00:03 GMT; HttpOnly
Fri, 12 Jan 2024 02:00:03 GMT express-session split response
Fri, 12 Jan 2024 02:00:03 GMT morgan log request
Fri, 12 Jan 2024 02:00:03 GMT express:router dispatching GET /
Fri, 12 Jan 2024 02:00:03 GMT express:router query  : /
Fri, 12 Jan 2024 02:00:03 GMT express:router expressInit  : /
Fri, 12 Jan 2024 02:00:03 GMT express:router corsMiddleware  : /
Fri, 12 Jan 2024 02:00:03 GMT express:router logger  : /
Fri, 12 Jan 2024 02:00:03 GMT express:router jsonParser  : /
Fri, 12 Jan 2024 02:00:03 GMT body-parser:json skip empty body
Fri, 12 Jan 2024 02:00:03 GMT express:router urlencodedParser  : /
Fri, 12 Jan 2024 02:00:03 GMT body-parser:urlencoded skip empty body
Fri, 12 Jan 2024 02:00:03 GMT express:router cookieParser  : /
Fri, 12 Jan 2024 02:00:03 GMT express:router serveStatic  : /
Fri, 12 Jan 2024 02:00:03 GMT send stat "/Users/niel/Sites/keyrock/nodejs-backend/public/index.html"
Fri, 12 Jan 2024 02:00:03 GMT express:router session  : /
Fri, 12 Jan 2024 02:00:03 GMT express-session fetching eBn4lELplZDkBdc7UX0aF3x-SL93vInB
Fri, 12 Jan 2024 02:00:03 GMT express-session session found
Fri, 12 Jan 2024 02:00:03 GMT express:router router  : /
Fri, 12 Jan 2024 02:00:03 GMT express:router dispatching GET /
Fri, 12 Jan 2024 02:00:03 GMT express:view lookup "index.jade"
Fri, 12 Jan 2024 02:00:03 GMT express:view stat "/Users/niel/Sites/keyrock/nodejs-backend/views/index.jade"
Fri, 12 Jan 2024 02:00:03 GMT express:view render "/Users/niel/Sites/keyrock/nodejs-backend/views/index.jade"
Fri, 12 Jan 2024 02:00:03 GMT express-session touching
Fri, 12 Jan 2024 02:00:03 GMT express-session split response
Fri, 12 Jan 2024 02:00:03 GMT express-session touched
Fri, 12 Jan 2024 02:00:03 GMT morgan log request
Fri, 12 Jan 2024 02:00:03 GMT express:router dispatching GET /stylesheets/style.css
Fri, 12 Jan 2024 02:00:03 GMT express:router query  : /stylesheets/style.css
Fri, 12 Jan 2024 02:00:03 GMT express:router expressInit  : /stylesheets/style.css
Fri, 12 Jan 2024 02:00:03 GMT express:router corsMiddleware  : /stylesheets/style.css
Fri, 12 Jan 2024 02:00:03 GMT express:router logger  : /stylesheets/style.css
Fri, 12 Jan 2024 02:00:03 GMT express:router jsonParser  : /stylesheets/style.css
Fri, 12 Jan 2024 02:00:03 GMT body-parser:json skip empty body
Fri, 12 Jan 2024 02:00:03 GMT express:router urlencodedParser  : /stylesheets/style.css
Fri, 12 Jan 2024 02:00:03 GMT body-parser:urlencoded skip empty body
Fri, 12 Jan 2024 02:00:03 GMT express:router cookieParser  : /stylesheets/style.css
Fri, 12 Jan 2024 02:00:03 GMT express:router serveStatic  : /stylesheets/style.css
Fri, 12 Jan 2024 02:00:03 GMT send stat "/Users/niel/Sites/keyrock/nodejs-backend/public/stylesheets/style.css"
Fri, 12 Jan 2024 02:00:03 GMT send pipe "/Users/niel/Sites/keyrock/nodejs-backend/public/stylesheets/style.css"
Fri, 12 Jan 2024 02:00:03 GMT send accept ranges
Fri, 12 Jan 2024 02:00:03 GMT send cache-control public, max-age=0
Fri, 12 Jan 2024 02:00:03 GMT send modified Fri, 12 Jan 2024 01:09:52 GMT
Fri, 12 Jan 2024 02:00:03 GMT send etag W/"682-18cfb37e1a6"
Fri, 12 Jan 2024 02:00:03 GMT send content-type text/css
Fri, 12 Jan 2024 02:00:03 GMT send not modified
Fri, 12 Jan 2024 02:00:03 GMT morgan log request
Fri, 12 Jan 2024 02:00:03 GMT express:router dispatching GET /stylesheets/index.css
Fri, 12 Jan 2024 02:00:03 GMT express:router query  : /stylesheets/index.css
Fri, 12 Jan 2024 02:00:03 GMT express:router expressInit  : /stylesheets/index.css
Fri, 12 Jan 2024 02:00:03 GMT express:router corsMiddleware  : /stylesheets/index.css
Fri, 12 Jan 2024 02:00:03 GMT express:router logger  : /stylesheets/index.css
Fri, 12 Jan 2024 02:00:03 GMT express:router jsonParser  : /stylesheets/index.css
Fri, 12 Jan 2024 02:00:03 GMT body-parser:json skip empty body
Fri, 12 Jan 2024 02:00:03 GMT express:router urlencodedParser  : /stylesheets/index.css
Fri, 12 Jan 2024 02:00:03 GMT body-parser:urlencoded skip empty body
Fri, 12 Jan 2024 02:00:03 GMT express:router cookieParser  : /stylesheets/index.css
Fri, 12 Jan 2024 02:00:03 GMT express:router serveStatic  : /stylesheets/index.css
Fri, 12 Jan 2024 02:00:03 GMT send stat "/Users/niel/Sites/keyrock/nodejs-backend/public/stylesheets/index.css"
Fri, 12 Jan 2024 02:00:03 GMT express:router dispatching GET /images/logo.png
Fri, 12 Jan 2024 02:00:03 GMT express:router query  : /images/logo.png
Fri, 12 Jan 2024 02:00:03 GMT express:router expressInit  : /images/logo.png
Fri, 12 Jan 2024 02:00:03 GMT express:router corsMiddleware  : /images/logo.png
Fri, 12 Jan 2024 02:00:03 GMT express:router logger  : /images/logo.png
Fri, 12 Jan 2024 02:00:03 GMT express:router jsonParser  : /images/logo.png
Fri, 12 Jan 2024 02:00:03 GMT body-parser:json skip empty body
Fri, 12 Jan 2024 02:00:03 GMT express:router urlencodedParser  : /images/logo.png
Fri, 12 Jan 2024 02:00:03 GMT body-parser:urlencoded skip empty body
Fri, 12 Jan 2024 02:00:03 GMT express:router cookieParser  : /images/logo.png
Fri, 12 Jan 2024 02:00:03 GMT express:router serveStatic  : /images/logo.png
Fri, 12 Jan 2024 02:00:03 GMT send stat "/Users/niel/Sites/keyrock/nodejs-backend/public/images/logo.png"
Fri, 12 Jan 2024 02:00:03 GMT send pipe "/Users/niel/Sites/keyrock/nodejs-backend/public/stylesheets/index.css"
Fri, 12 Jan 2024 02:00:03 GMT send accept ranges
Fri, 12 Jan 2024 02:00:03 GMT send cache-control public, max-age=0
Fri, 12 Jan 2024 02:00:03 GMT send modified Fri, 29 Dec 2023 00:15:39 GMT
Fri, 12 Jan 2024 02:00:03 GMT send etag W/"378-18cb2ed3782"
Fri, 12 Jan 2024 02:00:03 GMT send content-type text/css
Fri, 12 Jan 2024 02:00:03 GMT send not modified
Fri, 12 Jan 2024 02:00:03 GMT morgan log request
Fri, 12 Jan 2024 02:00:03 GMT send pipe "/Users/niel/Sites/keyrock/nodejs-backend/public/images/logo.png"
Fri, 12 Jan 2024 02:00:03 GMT send accept ranges
Fri, 12 Jan 2024 02:00:03 GMT send cache-control public, max-age=0
Fri, 12 Jan 2024 02:00:03 GMT send modified Tue, 26 Dec 2023 22:46:09 GMT
Fri, 12 Jan 2024 02:00:03 GMT send etag W/"10430-18ca84e8f3e"
Fri, 12 Jan 2024 02:00:03 GMT send content-type image/png
Fri, 12 Jan 2024 02:00:03 GMT send not modified
Fri, 12 Jan 2024 02:00:03 GMT morgan log request
Fri, 12 Jan 2024 02:00:05 GMT express:router dispatching GET /panel
Fri, 12 Jan 2024 02:00:05 GMT express:router query  : /panel
Fri, 12 Jan 2024 02:00:05 GMT express:router expressInit  : /panel
Fri, 12 Jan 2024 02:00:05 GMT express:router corsMiddleware  : /panel
Fri, 12 Jan 2024 02:00:05 GMT express:router logger  : /panel
Fri, 12 Jan 2024 02:00:05 GMT express:router jsonParser  : /panel
Fri, 12 Jan 2024 02:00:05 GMT body-parser:json skip empty body
Fri, 12 Jan 2024 02:00:05 GMT express:router urlencodedParser  : /panel
Fri, 12 Jan 2024 02:00:05 GMT body-parser:urlencoded skip empty body
Fri, 12 Jan 2024 02:00:05 GMT express:router cookieParser  : /panel
Fri, 12 Jan 2024 02:00:05 GMT express:router serveStatic  : /panel
Fri, 12 Jan 2024 02:00:05 GMT send stat "/Users/niel/Sites/keyrock/nodejs-backend/public/panel"
Fri, 12 Jan 2024 02:00:05 GMT express:router session  : /panel
Fri, 12 Jan 2024 02:00:05 GMT express-session fetching eBn4lELplZDkBdc7UX0aF3x-SL93vInB
Fri, 12 Jan 2024 02:00:05 GMT express-session session found
Fri, 12 Jan 2024 02:00:05 GMT express:router router  : /panel
Fri, 12 Jan 2024 02:00:05 GMT express:router dispatching GET /panel
Fri, 12 Jan 2024 02:00:05 GMT express:view lookup "panel/algorithms.jade"
Fri, 12 Jan 2024 02:00:05 GMT express:view stat "/Users/niel/Sites/keyrock/nodejs-backend/views/panel/algorithms.jade"
Fri, 12 Jan 2024 02:00:05 GMT express:view render "/Users/niel/Sites/keyrock/nodejs-backend/views/panel/algorithms.jade"
Fri, 12 Jan 2024 02:00:05 GMT express-session touching
Fri, 12 Jan 2024 02:00:05 GMT express-session touched
Fri, 12 Jan 2024 02:00:05 GMT morgan log request
Fri, 12 Jan 2024 02:00:05 GMT express:router dispatching GET /javascripts/api.js
Fri, 12 Jan 2024 02:00:05 GMT express:router query  : /javascripts/api.js
Fri, 12 Jan 2024 02:00:05 GMT express:router expressInit  : /javascripts/api.js
Fri, 12 Jan 2024 02:00:05 GMT express:router corsMiddleware  : /javascripts/api.js
Fri, 12 Jan 2024 02:00:05 GMT express:router logger  : /javascripts/api.js
Fri, 12 Jan 2024 02:00:05 GMT express:router jsonParser  : /javascripts/api.js
Fri, 12 Jan 2024 02:00:05 GMT body-parser:json skip empty body
Fri, 12 Jan 2024 02:00:05 GMT express:router urlencodedParser  : /javascripts/api.js
Fri, 12 Jan 2024 02:00:05 GMT body-parser:urlencoded skip empty body
Fri, 12 Jan 2024 02:00:05 GMT express:router cookieParser  : /javascripts/api.js
Fri, 12 Jan 2024 02:00:05 GMT express:router serveStatic  : /javascripts/api.js
Fri, 12 Jan 2024 02:00:05 GMT send stat "/Users/niel/Sites/keyrock/nodejs-backend/public/javascripts/api.js"
Fri, 12 Jan 2024 02:00:05 GMT express:router dispatching GET /stylesheets/panel/style.css
Fri, 12 Jan 2024 02:00:05 GMT express:router query  : /stylesheets/panel/style.css
Fri, 12 Jan 2024 02:00:05 GMT express:router expressInit  : /stylesheets/panel/style.css
Fri, 12 Jan 2024 02:00:05 GMT express:router corsMiddleware  : /stylesheets/panel/style.css
Fri, 12 Jan 2024 02:00:05 GMT express:router logger  : /stylesheets/panel/style.css
Fri, 12 Jan 2024 02:00:05 GMT express:router jsonParser  : /stylesheets/panel/style.css
Fri, 12 Jan 2024 02:00:05 GMT body-parser:json skip empty body
Fri, 12 Jan 2024 02:00:05 GMT express:router urlencodedParser  : /stylesheets/panel/style.css
Fri, 12 Jan 2024 02:00:05 GMT body-parser:urlencoded skip empty body
Fri, 12 Jan 2024 02:00:05 GMT express:router cookieParser  : /stylesheets/panel/style.css
Fri, 12 Jan 2024 02:00:05 GMT express:router serveStatic  : /stylesheets/panel/style.css
Fri, 12 Jan 2024 02:00:05 GMT send stat "/Users/niel/Sites/keyrock/nodejs-backend/public/stylesheets/panel/style.css"
Fri, 12 Jan 2024 02:00:05 GMT send pipe "/Users/niel/Sites/keyrock/nodejs-backend/public/javascripts/api.js"
Fri, 12 Jan 2024 02:00:05 GMT send accept ranges
Fri, 12 Jan 2024 02:00:05 GMT send cache-control public, max-age=0
Fri, 12 Jan 2024 02:00:05 GMT send modified Sun, 07 Jan 2024 02:09:34 GMT
Fri, 12 Jan 2024 02:00:05 GMT send etag W/"47c-18ce1aebe1c"
Fri, 12 Jan 2024 02:00:05 GMT send content-type application/javascript
Fri, 12 Jan 2024 02:00:05 GMT send not modified
Fri, 12 Jan 2024 02:00:05 GMT morgan log request
Fri, 12 Jan 2024 02:00:05 GMT send pipe "/Users/niel/Sites/keyrock/nodejs-backend/public/stylesheets/panel/style.css"
Fri, 12 Jan 2024 02:00:05 GMT send accept ranges
Fri, 12 Jan 2024 02:00:05 GMT send cache-control public, max-age=0
Fri, 12 Jan 2024 02:00:05 GMT send modified Sun, 07 Jan 2024 02:01:45 GMT
Fri, 12 Jan 2024 02:00:05 GMT send etag W/"33b-18ce1a794b3"
Fri, 12 Jan 2024 02:00:05 GMT send content-type text/css
Fri, 12 Jan 2024 02:00:05 GMT send not modified
Fri, 12 Jan 2024 02:00:05 GMT morgan log request
Fri, 12 Jan 2024 02:00:05 GMT express:router dispatching GET /stylesheets/table.css
Fri, 12 Jan 2024 02:00:05 GMT express:router query  : /stylesheets/table.css
Fri, 12 Jan 2024 02:00:05 GMT express:router expressInit  : /stylesheets/table.css
Fri, 12 Jan 2024 02:00:05 GMT express:router corsMiddleware  : /stylesheets/table.css
Fri, 12 Jan 2024 02:00:05 GMT express:router logger  : /stylesheets/table.css
Fri, 12 Jan 2024 02:00:05 GMT express:router jsonParser  : /stylesheets/table.css
Fri, 12 Jan 2024 02:00:05 GMT body-parser:json skip empty body
Fri, 12 Jan 2024 02:00:05 GMT express:router urlencodedParser  : /stylesheets/table.css
Fri, 12 Jan 2024 02:00:05 GMT body-parser:urlencoded skip empty body
Fri, 12 Jan 2024 02:00:05 GMT express:router cookieParser  : /stylesheets/table.css
Fri, 12 Jan 2024 02:00:05 GMT express:router serveStatic  : /stylesheets/table.css
Fri, 12 Jan 2024 02:00:05 GMT send stat "/Users/niel/Sites/keyrock/nodejs-backend/public/stylesheets/table.css"
Fri, 12 Jan 2024 02:00:05 GMT express:router dispatching GET /stylesheets/panel/algorithms.css
Fri, 12 Jan 2024 02:00:05 GMT express:router query  : /stylesheets/panel/algorithms.css
Fri, 12 Jan 2024 02:00:05 GMT express:router expressInit  : /stylesheets/panel/algorithms.css
Fri, 12 Jan 2024 02:00:05 GMT express:router corsMiddleware  : /stylesheets/panel/algorithms.css
Fri, 12 Jan 2024 02:00:05 GMT express:router logger  : /stylesheets/panel/algorithms.css
Fri, 12 Jan 2024 02:00:05 GMT express:router jsonParser  : /stylesheets/panel/algorithms.css
Fri, 12 Jan 2024 02:00:05 GMT body-parser:json skip empty body
Fri, 12 Jan 2024 02:00:05 GMT express:router urlencodedParser  : /stylesheets/panel/algorithms.css
Fri, 12 Jan 2024 02:00:05 GMT body-parser:urlencoded skip empty body
Fri, 12 Jan 2024 02:00:05 GMT express:router cookieParser  : /stylesheets/panel/algorithms.css
Fri, 12 Jan 2024 02:00:05 GMT express:router serveStatic  : /stylesheets/panel/algorithms.css
Fri, 12 Jan 2024 02:00:05 GMT send stat "/Users/niel/Sites/keyrock/nodejs-backend/public/stylesheets/panel/algorithms.css"
Fri, 12 Jan 2024 02:00:05 GMT send pipe "/Users/niel/Sites/keyrock/nodejs-backend/public/stylesheets/table.css"
Fri, 12 Jan 2024 02:00:05 GMT send accept ranges
Fri, 12 Jan 2024 02:00:05 GMT send cache-control public, max-age=0
Fri, 12 Jan 2024 02:00:05 GMT send modified Fri, 29 Dec 2023 01:50:09 GMT
Fri, 12 Jan 2024 02:00:05 GMT send etag W/"190-18cb343b92a"
Fri, 12 Jan 2024 02:00:05 GMT send content-type text/css
Fri, 12 Jan 2024 02:00:05 GMT send not modified
Fri, 12 Jan 2024 02:00:05 GMT morgan log request
Fri, 12 Jan 2024 02:00:05 GMT send pipe "/Users/niel/Sites/keyrock/nodejs-backend/public/stylesheets/panel/algorithms.css"
Fri, 12 Jan 2024 02:00:05 GMT send accept ranges
Fri, 12 Jan 2024 02:00:05 GMT send cache-control public, max-age=0
Fri, 12 Jan 2024 02:00:05 GMT send modified Fri, 29 Dec 2023 05:44:00 GMT
Fri, 12 Jan 2024 02:00:05 GMT send etag W/"d7-18cb419d1fa"
Fri, 12 Jan 2024 02:00:05 GMT send content-type text/css
Fri, 12 Jan 2024 02:00:05 GMT send not modified
Fri, 12 Jan 2024 02:00:05 GMT morgan log request
Fri, 12 Jan 2024 02:00:05 GMT express:router dispatching GET /javascripts/panel/panel.js
Fri, 12 Jan 2024 02:00:05 GMT express:router query  : /javascripts/panel/panel.js
Fri, 12 Jan 2024 02:00:05 GMT express:router expressInit  : /javascripts/panel/panel.js
Fri, 12 Jan 2024 02:00:05 GMT express:router corsMiddleware  : /javascripts/panel/panel.js
Fri, 12 Jan 2024 02:00:05 GMT express:router logger  : /javascripts/panel/panel.js
Fri, 12 Jan 2024 02:00:05 GMT express:router jsonParser  : /javascripts/panel/panel.js
Fri, 12 Jan 2024 02:00:05 GMT body-parser:json skip empty body
Fri, 12 Jan 2024 02:00:05 GMT express:router urlencodedParser  : /javascripts/panel/panel.js
Fri, 12 Jan 2024 02:00:05 GMT body-parser:urlencoded skip empty body
Fri, 12 Jan 2024 02:00:05 GMT express:router cookieParser  : /javascripts/panel/panel.js
Fri, 12 Jan 2024 02:00:05 GMT express:router serveStatic  : /javascripts/panel/panel.js
Fri, 12 Jan 2024 02:00:05 GMT send stat "/Users/niel/Sites/keyrock/nodejs-backend/public/javascripts/panel/panel.js"
Fri, 12 Jan 2024 02:00:05 GMT express:router dispatching GET /javascripts/table.js
Fri, 12 Jan 2024 02:00:05 GMT express:router query  : /javascripts/table.js
Fri, 12 Jan 2024 02:00:05 GMT express:router expressInit  : /javascripts/table.js
Fri, 12 Jan 2024 02:00:05 GMT express:router corsMiddleware  : /javascripts/table.js
Fri, 12 Jan 2024 02:00:05 GMT express:router logger  : /javascripts/table.js
Fri, 12 Jan 2024 02:00:05 GMT express:router jsonParser  : /javascripts/table.js
Fri, 12 Jan 2024 02:00:05 GMT body-parser:json skip empty body
Fri, 12 Jan 2024 02:00:05 GMT express:router urlencodedParser  : /javascripts/table.js
Fri, 12 Jan 2024 02:00:05 GMT body-parser:urlencoded skip empty body
Fri, 12 Jan 2024 02:00:05 GMT express:router cookieParser  : /javascripts/table.js
Fri, 12 Jan 2024 02:00:05 GMT express:router serveStatic  : /javascripts/table.js
Fri, 12 Jan 2024 02:00:05 GMT send stat "/Users/niel/Sites/keyrock/nodejs-backend/public/javascripts/table.js"
Fri, 12 Jan 2024 02:00:05 GMT express:router dispatching GET /javascripts/panel/algorithms.js
Fri, 12 Jan 2024 02:00:05 GMT express:router query  : /javascripts/panel/algorithms.js
Fri, 12 Jan 2024 02:00:05 GMT express:router expressInit  : /javascripts/panel/algorithms.js
Fri, 12 Jan 2024 02:00:05 GMT express:router corsMiddleware  : /javascripts/panel/algorithms.js
Fri, 12 Jan 2024 02:00:05 GMT express:router logger  : /javascripts/panel/algorithms.js
Fri, 12 Jan 2024 02:00:05 GMT express:router jsonParser  : /javascripts/panel/algorithms.js
Fri, 12 Jan 2024 02:00:05 GMT body-parser:json skip empty body
Fri, 12 Jan 2024 02:00:05 GMT express:router urlencodedParser  : /javascripts/panel/algorithms.js
Fri, 12 Jan 2024 02:00:05 GMT body-parser:urlencoded skip empty body
Fri, 12 Jan 2024 02:00:05 GMT express:router cookieParser  : /javascripts/panel/algorithms.js
Fri, 12 Jan 2024 02:00:05 GMT express:router serveStatic  : /javascripts/panel/algorithms.js
Fri, 12 Jan 2024 02:00:05 GMT send stat "/Users/niel/Sites/keyrock/nodejs-backend/public/javascripts/panel/algorithms.js"
Fri, 12 Jan 2024 02:00:05 GMT express:router dispatching GET /images/panel/turn-off.png
Fri, 12 Jan 2024 02:00:05 GMT express:router query  : /images/panel/turn-off.png
Fri, 12 Jan 2024 02:00:05 GMT express:router expressInit  : /images/panel/turn-off.png
Fri, 12 Jan 2024 02:00:05 GMT express:router corsMiddleware  : /images/panel/turn-off.png
Fri, 12 Jan 2024 02:00:05 GMT express:router logger  : /images/panel/turn-off.png
Fri, 12 Jan 2024 02:00:05 GMT express:router jsonParser  : /images/panel/turn-off.png
Fri, 12 Jan 2024 02:00:05 GMT body-parser:json skip empty body
Fri, 12 Jan 2024 02:00:05 GMT express:router urlencodedParser  : /images/panel/turn-off.png
Fri, 12 Jan 2024 02:00:05 GMT body-parser:urlencoded skip empty body
Fri, 12 Jan 2024 02:00:05 GMT express:router cookieParser  : /images/panel/turn-off.png
Fri, 12 Jan 2024 02:00:05 GMT express:router serveStatic  : /images/panel/turn-off.png
Fri, 12 Jan 2024 02:00:05 GMT send stat "/Users/niel/Sites/keyrock/nodejs-backend/public/images/panel/turn-off.png"
Fri, 12 Jan 2024 02:00:05 GMT express:router dispatching GET /images/panel/turn-on.png
Fri, 12 Jan 2024 02:00:05 GMT express:router query  : /images/panel/turn-on.png
Fri, 12 Jan 2024 02:00:05 GMT express:router expressInit  : /images/panel/turn-on.png
Fri, 12 Jan 2024 02:00:05 GMT express:router corsMiddleware  : /images/panel/turn-on.png
Fri, 12 Jan 2024 02:00:05 GMT express:router logger  : /images/panel/turn-on.png
Fri, 12 Jan 2024 02:00:05 GMT express:router jsonParser  : /images/panel/turn-on.png
Fri, 12 Jan 2024 02:00:05 GMT body-parser:json skip empty body
Fri, 12 Jan 2024 02:00:05 GMT express:router urlencodedParser  : /images/panel/turn-on.png
Fri, 12 Jan 2024 02:00:05 GMT body-parser:urlencoded skip empty body
Fri, 12 Jan 2024 02:00:05 GMT express:router cookieParser  : /images/panel/turn-on.png
Fri, 12 Jan 2024 02:00:05 GMT express:router serveStatic  : /images/panel/turn-on.png
Fri, 12 Jan 2024 02:00:05 GMT send stat "/Users/niel/Sites/keyrock/nodejs-backend/public/images/panel/turn-on.png"
Fri, 12 Jan 2024 02:00:05 GMT send pipe "/Users/niel/Sites/keyrock/nodejs-backend/public/javascripts/panel/panel.js"
Fri, 12 Jan 2024 02:00:05 GMT send accept ranges
Fri, 12 Jan 2024 02:00:05 GMT send cache-control public, max-age=0
Fri, 12 Jan 2024 02:00:05 GMT send modified Sun, 07 Jan 2024 02:15:01 GMT
Fri, 12 Jan 2024 02:00:05 GMT send etag W/"1dc-18ce1b3ba33"
Fri, 12 Jan 2024 02:00:05 GMT send content-type application/javascript
Fri, 12 Jan 2024 02:00:05 GMT send not modified
Fri, 12 Jan 2024 02:00:05 GMT morgan log request
Fri, 12 Jan 2024 02:00:05 GMT send pipe "/Users/niel/Sites/keyrock/nodejs-backend/public/javascripts/table.js"
Fri, 12 Jan 2024 02:00:05 GMT send accept ranges
Fri, 12 Jan 2024 02:00:05 GMT send cache-control public, max-age=0
Fri, 12 Jan 2024 02:00:05 GMT send modified Fri, 29 Dec 2023 04:47:18 GMT
Fri, 12 Jan 2024 02:00:05 GMT send etag W/"24b-18cb3e5ea69"
Fri, 12 Jan 2024 02:00:05 GMT send content-type application/javascript
Fri, 12 Jan 2024 02:00:05 GMT send not modified
Fri, 12 Jan 2024 02:00:05 GMT morgan log request
Fri, 12 Jan 2024 02:00:05 GMT send pipe "/Users/niel/Sites/keyrock/nodejs-backend/public/javascripts/panel/algorithms.js"
Fri, 12 Jan 2024 02:00:05 GMT send accept ranges
Fri, 12 Jan 2024 02:00:05 GMT send cache-control public, max-age=0
Fri, 12 Jan 2024 02:00:05 GMT send modified Sun, 07 Jan 2024 03:13:08 GMT
Fri, 12 Jan 2024 02:00:05 GMT send etag W/"8d7-18ce1e8edf5"
Fri, 12 Jan 2024 02:00:05 GMT send content-type application/javascript
Fri, 12 Jan 2024 02:00:05 GMT send not modified
Fri, 12 Jan 2024 02:00:05 GMT morgan log request
Fri, 12 Jan 2024 02:00:05 GMT send pipe "/Users/niel/Sites/keyrock/nodejs-backend/public/images/panel/turn-off.png"
Fri, 12 Jan 2024 02:00:05 GMT send accept ranges
Fri, 12 Jan 2024 02:00:05 GMT send cache-control public, max-age=0
Fri, 12 Jan 2024 02:00:05 GMT send modified Fri, 29 Dec 2023 04:55:36 GMT
Fri, 12 Jan 2024 02:00:05 GMT send etag W/"c2f-18cb3ed8196"
Fri, 12 Jan 2024 02:00:05 GMT send content-type image/png
Fri, 12 Jan 2024 02:00:05 GMT send not modified
Fri, 12 Jan 2024 02:00:05 GMT morgan log request
Fri, 12 Jan 2024 02:00:05 GMT send pipe "/Users/niel/Sites/keyrock/nodejs-backend/public/images/panel/turn-on.png"
Fri, 12 Jan 2024 02:00:05 GMT send accept ranges
Fri, 12 Jan 2024 02:00:05 GMT send cache-control public, max-age=0
Fri, 12 Jan 2024 02:00:05 GMT send modified Fri, 29 Dec 2023 04:56:13 GMT
Fri, 12 Jan 2024 02:00:05 GMT send etag W/"d85-18cb3ee126f"
Fri, 12 Jan 2024 02:00:05 GMT send content-type image/png
Fri, 12 Jan 2024 02:00:05 GMT send not modified
Fri, 12 Jan 2024 02:00:05 GMT morgan log request
Fri, 12 Jan 2024 02:00:05 GMT express:router dispatching GET /stylesheets/style.css
Fri, 12 Jan 2024 02:00:05 GMT express:router query  : /stylesheets/style.css
Fri, 12 Jan 2024 02:00:05 GMT express:router expressInit  : /stylesheets/style.css
Fri, 12 Jan 2024 02:00:05 GMT express:router corsMiddleware  : /stylesheets/style.css
Fri, 12 Jan 2024 02:00:05 GMT express:router logger  : /stylesheets/style.css
Fri, 12 Jan 2024 02:00:05 GMT express:router jsonParser  : /stylesheets/style.css
Fri, 12 Jan 2024 02:00:05 GMT body-parser:json skip empty body
Fri, 12 Jan 2024 02:00:05 GMT express:router urlencodedParser  : /stylesheets/style.css
Fri, 12 Jan 2024 02:00:05 GMT body-parser:urlencoded skip empty body
Fri, 12 Jan 2024 02:00:05 GMT express:router cookieParser  : /stylesheets/style.css
Fri, 12 Jan 2024 02:00:05 GMT express:router serveStatic  : /stylesheets/style.css
Fri, 12 Jan 2024 02:00:05 GMT send stat "/Users/niel/Sites/keyrock/nodejs-backend/public/stylesheets/style.css"
Fri, 12 Jan 2024 02:00:05 GMT send pipe "/Users/niel/Sites/keyrock/nodejs-backend/public/stylesheets/style.css"
Fri, 12 Jan 2024 02:00:05 GMT send accept ranges
Fri, 12 Jan 2024 02:00:05 GMT send cache-control public, max-age=0
Fri, 12 Jan 2024 02:00:05 GMT send modified Fri, 12 Jan 2024 01:09:52 GMT
Fri, 12 Jan 2024 02:00:05 GMT send etag W/"682-18cfb37e1a6"
Fri, 12 Jan 2024 02:00:05 GMT send content-type text/css
Fri, 12 Jan 2024 02:00:05 GMT send not modified
Fri, 12 Jan 2024 02:00:05 GMT morgan log request
Fri, 12 Jan 2024 02:00:05 GMT express:router dispatching GET /images/logo.png
Fri, 12 Jan 2024 02:00:05 GMT express:router query  : /images/logo.png
Fri, 12 Jan 2024 02:00:05 GMT express:router expressInit  : /images/logo.png
Fri, 12 Jan 2024 02:00:05 GMT express:router corsMiddleware  : /images/logo.png
Fri, 12 Jan 2024 02:00:05 GMT express:router logger  : /images/logo.png
Fri, 12 Jan 2024 02:00:05 GMT express:router jsonParser  : /images/logo.png
Fri, 12 Jan 2024 02:00:05 GMT body-parser:json skip empty body
Fri, 12 Jan 2024 02:00:05 GMT express:router urlencodedParser  : /images/logo.png
Fri, 12 Jan 2024 02:00:05 GMT body-parser:urlencoded skip empty body
Fri, 12 Jan 2024 02:00:05 GMT express:router cookieParser  : /images/logo.png
Fri, 12 Jan 2024 02:00:05 GMT express:router serveStatic  : /images/logo.png
Fri, 12 Jan 2024 02:00:05 GMT send stat "/Users/niel/Sites/keyrock/nodejs-backend/public/images/logo.png"
Fri, 12 Jan 2024 02:00:05 GMT send pipe "/Users/niel/Sites/keyrock/nodejs-backend/public/images/logo.png"
Fri, 12 Jan 2024 02:00:05 GMT send accept ranges
Fri, 12 Jan 2024 02:00:05 GMT send cache-control public, max-age=0
Fri, 12 Jan 2024 02:00:05 GMT send modified Tue, 26 Dec 2023 22:46:09 GMT
Fri, 12 Jan 2024 02:00:05 GMT send etag W/"10430-18ca84e8f3e"
Fri, 12 Jan 2024 02:00:05 GMT send content-type image/png
Fri, 12 Jan 2024 02:00:05 GMT send not modified
Fri, 12 Jan 2024 02:00:05 GMT morgan log request
Fri, 12 Jan 2024 02:00:07 GMT express:router dispatching GET /panel/algorithms/add
Fri, 12 Jan 2024 02:00:07 GMT express:router query  : /panel/algorithms/add
Fri, 12 Jan 2024 02:00:07 GMT express:router expressInit  : /panel/algorithms/add
Fri, 12 Jan 2024 02:00:07 GMT express:router corsMiddleware  : /panel/algorithms/add
Fri, 12 Jan 2024 02:00:07 GMT express:router logger  : /panel/algorithms/add
Fri, 12 Jan 2024 02:00:07 GMT express:router jsonParser  : /panel/algorithms/add
Fri, 12 Jan 2024 02:00:07 GMT body-parser:json skip empty body
Fri, 12 Jan 2024 02:00:07 GMT express:router urlencodedParser  : /panel/algorithms/add
Fri, 12 Jan 2024 02:00:07 GMT body-parser:urlencoded skip empty body
Fri, 12 Jan 2024 02:00:07 GMT express:router cookieParser  : /panel/algorithms/add
Fri, 12 Jan 2024 02:00:07 GMT express:router serveStatic  : /panel/algorithms/add
Fri, 12 Jan 2024 02:00:07 GMT send stat "/Users/niel/Sites/keyrock/nodejs-backend/public/panel/algorithms/add"
Fri, 12 Jan 2024 02:00:07 GMT express:router session  : /panel/algorithms/add
Fri, 12 Jan 2024 02:00:07 GMT express-session fetching eBn4lELplZDkBdc7UX0aF3x-SL93vInB
Fri, 12 Jan 2024 02:00:07 GMT express-session session found
Fri, 12 Jan 2024 02:00:07 GMT express:router router  : /panel/algorithms/add
Fri, 12 Jan 2024 02:00:07 GMT express:router dispatching GET /panel/algorithms/add
Fri, 12 Jan 2024 02:00:07 GMT express:view lookup "panel/add-algorithm.jade"
Fri, 12 Jan 2024 02:00:07 GMT express:view stat "/Users/niel/Sites/keyrock/nodejs-backend/views/panel/add-algorithm.jade"
Fri, 12 Jan 2024 02:00:07 GMT express:view render "/Users/niel/Sites/keyrock/nodejs-backend/views/panel/add-algorithm.jade"
Fri, 12 Jan 2024 02:00:07 GMT express-session touching
Fri, 12 Jan 2024 02:00:07 GMT express-session touched
Fri, 12 Jan 2024 02:00:07 GMT morgan log request
Fri, 12 Jan 2024 02:00:08 GMT express:router dispatching GET /stylesheets/style.css
Fri, 12 Jan 2024 02:00:08 GMT express:router query  : /stylesheets/style.css
Fri, 12 Jan 2024 02:00:08 GMT express:router expressInit  : /stylesheets/style.css
Fri, 12 Jan 2024 02:00:08 GMT express:router corsMiddleware  : /stylesheets/style.css
Fri, 12 Jan 2024 02:00:08 GMT express:router logger  : /stylesheets/style.css
Fri, 12 Jan 2024 02:00:08 GMT express:router jsonParser  : /stylesheets/style.css
Fri, 12 Jan 2024 02:00:08 GMT body-parser:json skip empty body
Fri, 12 Jan 2024 02:00:08 GMT express:router urlencodedParser  : /stylesheets/style.css
Fri, 12 Jan 2024 02:00:08 GMT body-parser:urlencoded skip empty body
Fri, 12 Jan 2024 02:00:08 GMT express:router cookieParser  : /stylesheets/style.css
Fri, 12 Jan 2024 02:00:08 GMT express:router serveStatic  : /stylesheets/style.css
Fri, 12 Jan 2024 02:00:08 GMT send stat "/Users/niel/Sites/keyrock/nodejs-backend/public/stylesheets/style.css"
Fri, 12 Jan 2024 02:00:08 GMT send pipe "/Users/niel/Sites/keyrock/nodejs-backend/public/stylesheets/style.css"
Fri, 12 Jan 2024 02:00:08 GMT send accept ranges
Fri, 12 Jan 2024 02:00:08 GMT send cache-control public, max-age=0
Fri, 12 Jan 2024 02:00:08 GMT send modified Fri, 12 Jan 2024 01:09:52 GMT
Fri, 12 Jan 2024 02:00:08 GMT send etag W/"682-18cfb37e1a6"
Fri, 12 Jan 2024 02:00:08 GMT send content-type text/css
Fri, 12 Jan 2024 02:00:08 GMT send not modified
Fri, 12 Jan 2024 02:00:08 GMT morgan log request
Fri, 12 Jan 2024 02:00:08 GMT express:router dispatching GET /stylesheets/panel/style.css
Fri, 12 Jan 2024 02:00:08 GMT express:router query  : /stylesheets/panel/style.css
Fri, 12 Jan 2024 02:00:08 GMT express:router expressInit  : /stylesheets/panel/style.css
Fri, 12 Jan 2024 02:00:08 GMT express:router corsMiddleware  : /stylesheets/panel/style.css
Fri, 12 Jan 2024 02:00:08 GMT express:router logger  : /stylesheets/panel/style.css
Fri, 12 Jan 2024 02:00:08 GMT express:router jsonParser  : /stylesheets/panel/style.css
Fri, 12 Jan 2024 02:00:08 GMT body-parser:json skip empty body
Fri, 12 Jan 2024 02:00:08 GMT express:router urlencodedParser  : /stylesheets/panel/style.css
Fri, 12 Jan 2024 02:00:08 GMT body-parser:urlencoded skip empty body
Fri, 12 Jan 2024 02:00:08 GMT express:router cookieParser  : /stylesheets/panel/style.css
Fri, 12 Jan 2024 02:00:08 GMT express:router serveStatic  : /stylesheets/panel/style.css
Fri, 12 Jan 2024 02:00:08 GMT send stat "/Users/niel/Sites/keyrock/nodejs-backend/public/stylesheets/panel/style.css"
Fri, 12 Jan 2024 02:00:08 GMT send pipe "/Users/niel/Sites/keyrock/nodejs-backend/public/stylesheets/panel/style.css"
Fri, 12 Jan 2024 02:00:08 GMT send accept ranges
Fri, 12 Jan 2024 02:00:08 GMT send cache-control public, max-age=0
Fri, 12 Jan 2024 02:00:08 GMT send modified Sun, 07 Jan 2024 02:01:45 GMT
Fri, 12 Jan 2024 02:00:08 GMT send etag W/"33b-18ce1a794b3"
Fri, 12 Jan 2024 02:00:08 GMT send content-type text/css
Fri, 12 Jan 2024 02:00:08 GMT send not modified
Fri, 12 Jan 2024 02:00:08 GMT morgan log request
Fri, 12 Jan 2024 02:00:08 GMT express:router dispatching GET /javascripts/api.js
Fri, 12 Jan 2024 02:00:08 GMT express:router query  : /javascripts/api.js
Fri, 12 Jan 2024 02:00:08 GMT express:router expressInit  : /javascripts/api.js
Fri, 12 Jan 2024 02:00:08 GMT express:router corsMiddleware  : /javascripts/api.js
Fri, 12 Jan 2024 02:00:08 GMT express:router logger  : /javascripts/api.js
Fri, 12 Jan 2024 02:00:08 GMT express:router jsonParser  : /javascripts/api.js
Fri, 12 Jan 2024 02:00:08 GMT body-parser:json skip empty body
Fri, 12 Jan 2024 02:00:08 GMT express:router urlencodedParser  : /javascripts/api.js
Fri, 12 Jan 2024 02:00:08 GMT body-parser:urlencoded skip empty body
Fri, 12 Jan 2024 02:00:08 GMT express:router cookieParser  : /javascripts/api.js
Fri, 12 Jan 2024 02:00:08 GMT express:router serveStatic  : /javascripts/api.js
Fri, 12 Jan 2024 02:00:08 GMT send stat "/Users/niel/Sites/keyrock/nodejs-backend/public/javascripts/api.js"
Fri, 12 Jan 2024 02:00:08 GMT send pipe "/Users/niel/Sites/keyrock/nodejs-backend/public/javascripts/api.js"
Fri, 12 Jan 2024 02:00:08 GMT send accept ranges
Fri, 12 Jan 2024 02:00:08 GMT send cache-control public, max-age=0
Fri, 12 Jan 2024 02:00:08 GMT send modified Sun, 07 Jan 2024 02:09:34 GMT
Fri, 12 Jan 2024 02:00:08 GMT send etag W/"47c-18ce1aebe1c"
Fri, 12 Jan 2024 02:00:08 GMT send content-type application/javascript
Fri, 12 Jan 2024 02:00:08 GMT send not modified
Fri, 12 Jan 2024 02:00:08 GMT morgan log request
Fri, 12 Jan 2024 02:00:08 GMT express:router dispatching GET /javascripts/panel/panel.js
Fri, 12 Jan 2024 02:00:08 GMT express:router query  : /javascripts/panel/panel.js
Fri, 12 Jan 2024 02:00:08 GMT express:router expressInit  : /javascripts/panel/panel.js
Fri, 12 Jan 2024 02:00:08 GMT express:router corsMiddleware  : /javascripts/panel/panel.js
Fri, 12 Jan 2024 02:00:08 GMT express:router logger  : /javascripts/panel/panel.js
Fri, 12 Jan 2024 02:00:08 GMT express:router jsonParser  : /javascripts/panel/panel.js
Fri, 12 Jan 2024 02:00:08 GMT body-parser:json skip empty body
Fri, 12 Jan 2024 02:00:08 GMT express:router urlencodedParser  : /javascripts/panel/panel.js
Fri, 12 Jan 2024 02:00:08 GMT body-parser:urlencoded skip empty body
Fri, 12 Jan 2024 02:00:08 GMT express:router cookieParser  : /javascripts/panel/panel.js
Fri, 12 Jan 2024 02:00:08 GMT express:router serveStatic  : /javascripts/panel/panel.js
Fri, 12 Jan 2024 02:00:08 GMT send stat "/Users/niel/Sites/keyrock/nodejs-backend/public/javascripts/panel/panel.js"
Fri, 12 Jan 2024 02:00:08 GMT send pipe "/Users/niel/Sites/keyrock/nodejs-backend/public/javascripts/panel/panel.js"
Fri, 12 Jan 2024 02:00:08 GMT send accept ranges
Fri, 12 Jan 2024 02:00:08 GMT send cache-control public, max-age=0
Fri, 12 Jan 2024 02:00:08 GMT send modified Sun, 07 Jan 2024 02:15:01 GMT
Fri, 12 Jan 2024 02:00:08 GMT send etag W/"1dc-18ce1b3ba33"
Fri, 12 Jan 2024 02:00:08 GMT send content-type application/javascript
Fri, 12 Jan 2024 02:00:08 GMT send not modified
Fri, 12 Jan 2024 02:00:08 GMT morgan log request
Fri, 12 Jan 2024 02:00:08 GMT express:router dispatching GET /javascripts/codemirror/codemirror.css
Fri, 12 Jan 2024 02:00:08 GMT express:router query  : /javascripts/codemirror/codemirror.css
Fri, 12 Jan 2024 02:00:08 GMT express:router expressInit  : /javascripts/codemirror/codemirror.css
Fri, 12 Jan 2024 02:00:08 GMT express:router corsMiddleware  : /javascripts/codemirror/codemirror.css
Fri, 12 Jan 2024 02:00:08 GMT express:router logger  : /javascripts/codemirror/codemirror.css
Fri, 12 Jan 2024 02:00:08 GMT express:router jsonParser  : /javascripts/codemirror/codemirror.css
Fri, 12 Jan 2024 02:00:08 GMT body-parser:json skip empty body
Fri, 12 Jan 2024 02:00:08 GMT express:router urlencodedParser  : /javascripts/codemirror/codemirror.css
Fri, 12 Jan 2024 02:00:08 GMT body-parser:urlencoded skip empty body
Fri, 12 Jan 2024 02:00:08 GMT express:router cookieParser  : /javascripts/codemirror/codemirror.css
Fri, 12 Jan 2024 02:00:08 GMT express:router serveStatic  : /javascripts/codemirror/codemirror.css
Fri, 12 Jan 2024 02:00:08 GMT send stat "/Users/niel/Sites/keyrock/nodejs-backend/public/javascripts/codemirror/codemirror.css"
Fri, 12 Jan 2024 02:00:08 GMT send pipe "/Users/niel/Sites/keyrock/nodejs-backend/public/javascripts/codemirror/codemirror.css"
Fri, 12 Jan 2024 02:00:08 GMT send accept ranges
Fri, 12 Jan 2024 02:00:08 GMT send cache-control public, max-age=0
Fri, 12 Jan 2024 02:00:08 GMT send modified Mon, 20 Nov 2023 09:58:44 GMT
Fri, 12 Jan 2024 02:00:08 GMT send etag W/"2210-18bec2b0420"
Fri, 12 Jan 2024 02:00:08 GMT send content-type text/css
Fri, 12 Jan 2024 02:00:08 GMT send not modified
Fri, 12 Jan 2024 02:00:08 GMT morgan log request
Fri, 12 Jan 2024 02:00:08 GMT express:router dispatching GET /stylesheets/panel/add-algorithm.css
Fri, 12 Jan 2024 02:00:08 GMT express:router query  : /stylesheets/panel/add-algorithm.css
Fri, 12 Jan 2024 02:00:08 GMT express:router expressInit  : /stylesheets/panel/add-algorithm.css
Fri, 12 Jan 2024 02:00:08 GMT express:router corsMiddleware  : /stylesheets/panel/add-algorithm.css
Fri, 12 Jan 2024 02:00:08 GMT express:router logger  : /stylesheets/panel/add-algorithm.css
Fri, 12 Jan 2024 02:00:08 GMT express:router jsonParser  : /stylesheets/panel/add-algorithm.css
Fri, 12 Jan 2024 02:00:08 GMT body-parser:json skip empty body
Fri, 12 Jan 2024 02:00:08 GMT express:router urlencodedParser  : /stylesheets/panel/add-algorithm.css
Fri, 12 Jan 2024 02:00:08 GMT body-parser:urlencoded skip empty body
Fri, 12 Jan 2024 02:00:08 GMT express:router cookieParser  : /stylesheets/panel/add-algorithm.css
Fri, 12 Jan 2024 02:00:08 GMT express:router serveStatic  : /stylesheets/panel/add-algorithm.css
Fri, 12 Jan 2024 02:00:08 GMT send stat "/Users/niel/Sites/keyrock/nodejs-backend/public/stylesheets/panel/add-algorithm.css"
Fri, 12 Jan 2024 02:00:08 GMT send pipe "/Users/niel/Sites/keyrock/nodejs-backend/public/stylesheets/panel/add-algorithm.css"
Fri, 12 Jan 2024 02:00:08 GMT send accept ranges
Fri, 12 Jan 2024 02:00:08 GMT send cache-control public, max-age=0
Fri, 12 Jan 2024 02:00:08 GMT send modified Tue, 02 Jan 2024 05:12:16 GMT
Fri, 12 Jan 2024 02:00:08 GMT send etag W/"71-18cc89633c5"
Fri, 12 Jan 2024 02:00:08 GMT send content-type text/css
Fri, 12 Jan 2024 02:00:08 GMT send not modified
Fri, 12 Jan 2024 02:00:08 GMT morgan log request
Fri, 12 Jan 2024 02:00:08 GMT express:router dispatching GET /javascripts/codemirror/codemirror.js
Fri, 12 Jan 2024 02:00:08 GMT express:router query  : /javascripts/codemirror/codemirror.js
Fri, 12 Jan 2024 02:00:08 GMT express:router expressInit  : /javascripts/codemirror/codemirror.js
Fri, 12 Jan 2024 02:00:08 GMT express:router corsMiddleware  : /javascripts/codemirror/codemirror.js
Fri, 12 Jan 2024 02:00:08 GMT express:router logger  : /javascripts/codemirror/codemirror.js
Fri, 12 Jan 2024 02:00:08 GMT express:router jsonParser  : /javascripts/codemirror/codemirror.js
Fri, 12 Jan 2024 02:00:08 GMT body-parser:json skip empty body
Fri, 12 Jan 2024 02:00:08 GMT express:router urlencodedParser  : /javascripts/codemirror/codemirror.js
Fri, 12 Jan 2024 02:00:08 GMT body-parser:urlencoded skip empty body
Fri, 12 Jan 2024 02:00:08 GMT express:router cookieParser  : /javascripts/codemirror/codemirror.js
Fri, 12 Jan 2024 02:00:08 GMT express:router serveStatic  : /javascripts/codemirror/codemirror.js
Fri, 12 Jan 2024 02:00:08 GMT send stat "/Users/niel/Sites/keyrock/nodejs-backend/public/javascripts/codemirror/codemirror.js"
Fri, 12 Jan 2024 02:00:08 GMT send pipe "/Users/niel/Sites/keyrock/nodejs-backend/public/javascripts/codemirror/codemirror.js"
Fri, 12 Jan 2024 02:00:08 GMT send accept ranges
Fri, 12 Jan 2024 02:00:08 GMT send cache-control public, max-age=0
Fri, 12 Jan 2024 02:00:08 GMT send modified Mon, 20 Nov 2023 09:58:48 GMT
Fri, 12 Jan 2024 02:00:08 GMT send etag W/"6225c-18bec2b13c0"
Fri, 12 Jan 2024 02:00:08 GMT send content-type application/javascript
Fri, 12 Jan 2024 02:00:08 GMT send not modified
Fri, 12 Jan 2024 02:00:08 GMT morgan log request
Fri, 12 Jan 2024 02:00:08 GMT express:router dispatching GET /javascripts/codemirror/python-mode.js
Fri, 12 Jan 2024 02:00:08 GMT express:router query  : /javascripts/codemirror/python-mode.js
Fri, 12 Jan 2024 02:00:08 GMT express:router expressInit  : /javascripts/codemirror/python-mode.js
Fri, 12 Jan 2024 02:00:08 GMT express:router corsMiddleware  : /javascripts/codemirror/python-mode.js
Fri, 12 Jan 2024 02:00:08 GMT express:router logger  : /javascripts/codemirror/python-mode.js
Fri, 12 Jan 2024 02:00:08 GMT express:router jsonParser  : /javascripts/codemirror/python-mode.js
Fri, 12 Jan 2024 02:00:08 GMT body-parser:json skip empty body
Fri, 12 Jan 2024 02:00:08 GMT express:router urlencodedParser  : /javascripts/codemirror/python-mode.js
Fri, 12 Jan 2024 02:00:08 GMT body-parser:urlencoded skip empty body
Fri, 12 Jan 2024 02:00:08 GMT express:router cookieParser  : /javascripts/codemirror/python-mode.js
Fri, 12 Jan 2024 02:00:08 GMT express:router serveStatic  : /javascripts/codemirror/python-mode.js
Fri, 12 Jan 2024 02:00:08 GMT send stat "/Users/niel/Sites/keyrock/nodejs-backend/public/javascripts/codemirror/python-mode.js"
Fri, 12 Jan 2024 02:00:08 GMT send pipe "/Users/niel/Sites/keyrock/nodejs-backend/public/javascripts/codemirror/python-mode.js"
Fri, 12 Jan 2024 02:00:08 GMT send accept ranges
Fri, 12 Jan 2024 02:00:08 GMT send cache-control public, max-age=0
Fri, 12 Jan 2024 02:00:08 GMT send modified Mon, 20 Nov 2023 09:58:44 GMT
Fri, 12 Jan 2024 02:00:08 GMT send etag W/"3a88-18bec2b0420"
Fri, 12 Jan 2024 02:00:08 GMT send content-type application/javascript
Fri, 12 Jan 2024 02:00:08 GMT send not modified
Fri, 12 Jan 2024 02:00:08 GMT morgan log request
Fri, 12 Jan 2024 02:00:08 GMT express:router dispatching GET /javascripts/panel/add-algorithm.js
Fri, 12 Jan 2024 02:00:08 GMT express:router query  : /javascripts/panel/add-algorithm.js
Fri, 12 Jan 2024 02:00:08 GMT express:router expressInit  : /javascripts/panel/add-algorithm.js
Fri, 12 Jan 2024 02:00:08 GMT express:router corsMiddleware  : /javascripts/panel/add-algorithm.js
Fri, 12 Jan 2024 02:00:08 GMT express:router logger  : /javascripts/panel/add-algorithm.js
Fri, 12 Jan 2024 02:00:08 GMT express:router jsonParser  : /javascripts/panel/add-algorithm.js
Fri, 12 Jan 2024 02:00:08 GMT body-parser:json skip empty body
Fri, 12 Jan 2024 02:00:08 GMT express:router urlencodedParser  : /javascripts/panel/add-algorithm.js
Fri, 12 Jan 2024 02:00:08 GMT body-parser:urlencoded skip empty body
Fri, 12 Jan 2024 02:00:08 GMT express:router cookieParser  : /javascripts/panel/add-algorithm.js
Fri, 12 Jan 2024 02:00:08 GMT express:router serveStatic  : /javascripts/panel/add-algorithm.js
Fri, 12 Jan 2024 02:00:08 GMT send stat "/Users/niel/Sites/keyrock/nodejs-backend/public/javascripts/panel/add-algorithm.js"
Fri, 12 Jan 2024 02:00:08 GMT send pipe "/Users/niel/Sites/keyrock/nodejs-backend/public/javascripts/panel/add-algorithm.js"
Fri, 12 Jan 2024 02:00:08 GMT send accept ranges
Fri, 12 Jan 2024 02:00:08 GMT send cache-control public, max-age=0
Fri, 12 Jan 2024 02:00:08 GMT send modified Tue, 02 Jan 2024 05:21:16 GMT
Fri, 12 Jan 2024 02:00:08 GMT send etag W/"212-18cc89e72e5"
Fri, 12 Jan 2024 02:00:08 GMT send content-type application/javascript
Fri, 12 Jan 2024 02:00:08 GMT send not modified
Fri, 12 Jan 2024 02:00:08 GMT morgan log request
Fri, 12 Jan 2024 02:00:08 GMT express:router dispatching GET /images/logo.png
Fri, 12 Jan 2024 02:00:08 GMT express:router query  : /images/logo.png
Fri, 12 Jan 2024 02:00:08 GMT express:router expressInit  : /images/logo.png
Fri, 12 Jan 2024 02:00:08 GMT express:router corsMiddleware  : /images/logo.png
Fri, 12 Jan 2024 02:00:08 GMT express:router logger  : /images/logo.png
Fri, 12 Jan 2024 02:00:08 GMT express:router jsonParser  : /images/logo.png
Fri, 12 Jan 2024 02:00:08 GMT body-parser:json skip empty body
Fri, 12 Jan 2024 02:00:08 GMT express:router urlencodedParser  : /images/logo.png
Fri, 12 Jan 2024 02:00:08 GMT body-parser:urlencoded skip empty body
Fri, 12 Jan 2024 02:00:08 GMT express:router cookieParser  : /images/logo.png
Fri, 12 Jan 2024 02:00:08 GMT express:router serveStatic  : /images/logo.png
Fri, 12 Jan 2024 02:00:08 GMT send stat "/Users/niel/Sites/keyrock/nodejs-backend/public/images/logo.png"
Fri, 12 Jan 2024 02:00:08 GMT send pipe "/Users/niel/Sites/keyrock/nodejs-backend/public/images/logo.png"
Fri, 12 Jan 2024 02:00:08 GMT send accept ranges
Fri, 12 Jan 2024 02:00:08 GMT send cache-control public, max-age=0
Fri, 12 Jan 2024 02:00:08 GMT send modified Tue, 26 Dec 2023 22:46:09 GMT
Fri, 12 Jan 2024 02:00:08 GMT send etag W/"10430-18ca84e8f3e"
Fri, 12 Jan 2024 02:00:08 GMT send content-type image/png
Fri, 12 Jan 2024 02:00:08 GMT send not modified
Fri, 12 Jan 2024 02:00:08 GMT morgan log request
Fri, 12 Jan 2024 02:00:17 GMT express:router dispatching POST /panel/algorithms/add
Fri, 12 Jan 2024 02:00:17 GMT express:router query  : /panel/algorithms/add
Fri, 12 Jan 2024 02:00:17 GMT express:router expressInit  : /panel/algorithms/add
Fri, 12 Jan 2024 02:00:17 GMT express:router corsMiddleware  : /panel/algorithms/add
Fri, 12 Jan 2024 02:00:17 GMT express:router logger  : /panel/algorithms/add
Fri, 12 Jan 2024 02:00:17 GMT express:router jsonParser  : /panel/algorithms/add
Fri, 12 Jan 2024 02:00:17 GMT body-parser:json content-type "application/x-www-form-urlencoded"
Fri, 12 Jan 2024 02:00:17 GMT body-parser:json skip parsing
Fri, 12 Jan 2024 02:00:17 GMT express:router urlencodedParser  : /panel/algorithms/add
Fri, 12 Jan 2024 02:00:17 GMT body-parser:urlencoded content-type "application/x-www-form-urlencoded"
Fri, 12 Jan 2024 02:00:17 GMT body-parser:urlencoded content-encoding "identity"
Fri, 12 Jan 2024 02:00:17 GMT body-parser:urlencoded read body
Fri, 12 Jan 2024 02:00:17 GMT body-parser:urlencoded parse body
Fri, 12 Jan 2024 02:00:17 GMT body-parser:urlencoded parse urlencoding
Fri, 12 Jan 2024 02:00:17 GMT express:router cookieParser  : /panel/algorithms/add
Fri, 12 Jan 2024 02:00:17 GMT express:router serveStatic  : /panel/algorithms/add
Fri, 12 Jan 2024 02:00:17 GMT express:router session  : /panel/algorithms/add
Fri, 12 Jan 2024 02:00:17 GMT express-session fetching eBn4lELplZDkBdc7UX0aF3x-SL93vInB
Fri, 12 Jan 2024 02:00:17 GMT express-session session found
Fri, 12 Jan 2024 02:00:17 GMT express:router router  : /panel/algorithms/add
Fri, 12 Jan 2024 02:00:17 GMT express:router dispatching POST /panel/algorithms/add
Fri, 12 Jan 2024 02:00:17 GMT follow-redirects options {
  maxRedirects: 21,
  maxBodyLength: Infinity,
  protocol: 'http:',
  path: '/algorithms/add',
  method: 'POST',
  headers: [Object: null prototype] {
    Accept: 'application/json, text/plain, */*',
    'Content-Type': 'application/json',
    API_KEY: 'abc123',
    'User-Agent': 'axios/1.6.3',
    'Content-Length': '73',
    'Accept-Encoding': 'gzip, compress, deflate, br'
  },
  agents: { http: undefined, https: undefined },
  auth: undefined,
  family: undefined,
  beforeRedirect: [Function: dispatchBeforeRedirect],
  beforeRedirects: { proxy: [Function: beforeRedirect] },
  hostname: '127.0.0.1',
  port: '8080',
  agent: undefined,
  insecureHTTPParser: true,
  nativeProtocols: {
    'http:': {
      _connectionListener: [Function: connectionListener],
      METHODS: [Array],
      STATUS_CODES: [Object],
      Agent: [Function],
      ClientRequest: [Function: ClientRequest],
      IncomingMessage: [Function: IncomingMessage],
      OutgoingMessage: [Function: OutgoingMessage],
      Server: [Function: Server],
      ServerResponse: [Function: ServerResponse],
      createServer: [Function: createServer],
      validateHeaderName: [Function: __node_internal_],
      validateHeaderValue: [Function: __node_internal_],
      get: [Function: get],
      request: [Function: request],
      setMaxIdleHTTPParsers: [Function: setMaxIdleHTTPParsers],
      maxHeaderSize: [Getter],
      globalAgent: [Getter/Setter]
    },
    'https:': {
      Agent: [Function: Agent],
      globalAgent: [Agent],
      Server: [Function: Server],
      createServer: [Function: createServer],
      get: [Function: get],
      request: [Function: request]
    }
  }
}

/Users/niel/Sites/keyrock/nodejs-backend/node_modules/axios/dist/node/axios.cjs:1967
    reject(new AxiosError(
           ^
AxiosError: Request failed with status code 400
    at settle (/Users/niel/Sites/keyrock/nodejs-backend/node_modules/axios/dist/node/axios.cjs:1967:12)
    at IncomingMessage.handleStreamEnd (/Users/niel/Sites/keyrock/nodejs-backend/node_modules/axios/dist/node/axios.cjs:3062:11)
    at IncomingMessage.emit (node:events:526:35)
    at endReadableNT (node:internal/streams/readable:1589:12)
    at process.processTicksAndRejections (node:internal/process/task_queues:82:21) {
  code: 'ERR_BAD_REQUEST',
  config: {
    transitional: {
      silentJSONParsing: true,
      forcedJSONParsing: true,
      clarifyTimeoutError: false
    },
    adapter: [ 'xhr', 'http' ],
    transformRequest: [ [Function: transformRequest] ],
    transformResponse: [ [Function: transformResponse] ],
    timeout: 0,
    xsrfCookieName: 'XSRF-TOKEN',
    xsrfHeaderName: 'X-XSRF-TOKEN',
    maxContentLength: -1,
    maxBodyLength: -1,
    env: {
      FormData: [Function: FormData] {
        LINE_BREAK: '\r\n',
        DEFAULT_CONTENT_TYPE: 'application/octet-stream'
      },
      Blob: [class Blob]
    },
    validateStatus: [Function: validateStatus],
    headers: Object [AxiosHeaders] {
      Accept: 'application/json, text/plain, */*',
      'Content-Type': 'application/json',
      API_KEY: 'abc123',
      'User-Agent': 'axios/1.6.3',
      'Content-Length': '73',
      'Accept-Encoding': 'gzip, compress, deflate, br'
    },
    insecureHTTPParser: true,
    method: 'post',
    url: 'http://127.0.0.1:8080/algorithms/add',
    data: '{"id":"testrofl","description":"lol","start_funds":"0.002","code":"test"}'
  },
  request: <ref *1> ClientRequest {
    _events: [Object: null prototype] {
      abort: [Function (anonymous)],
      aborted: [Function (anonymous)],
      connect: [Function (anonymous)],
      error: [Function (anonymous)],
      socket: [Function (anonymous)],
      timeout: [Function (anonymous)],
      finish: [Function: requestOnFinish]
    },
    _eventsCount: 7,
    _maxListeners: undefined,
    outputData: [],
    outputSize: 0,
    writable: true,
    destroyed: false,
    _last: false,
    chunkedEncoding: false,
    shouldKeepAlive: false,
    maxRequestsOnConnectionReached: false,
    _defaultKeepAlive: true,
    useChunkedEncodingByDefault: true,
    sendDate: false,
    _removedConnection: false,
    _removedContLen: false,
    _removedTE: false,
    strictContentLength: false,
    _contentLength: '73',
    _hasBody: true,
    _trailer: '',
    finished: true,
    _headerSent: true,
    _closed: false,
    socket: Socket {
      connecting: false,
      _hadError: false,
      _parent: null,
      _host: null,
      _closeAfterHandlingError: false,
      _readableState: ReadableState {
        highWaterMark: 16384,
        buffer: BufferList { head: null, tail: null, length: 0 },
        length: 0,
        pipes: [],
        awaitDrainWriters: null,
        [Symbol(kState)]: 60092438
      },
      _events: [Object: null prototype] {
        end: [ [Function: onReadableStreamEnd], [Function: socketOnEnd] ],
        free: [Function: onFree],
        close: [ [Function: onClose], [Function: socketCloseListener] ],
        timeout: [Function: onTimeout],
        agentRemove: [Function: onRemove],
        error: [Function: socketErrorListener],
        data: [Function: socketOnData],
        drain: [Function: ondrain]
      },
      _eventsCount: 8,
      _maxListeners: undefined,
      _writableState: WritableState {
        highWaterMark: 16384,
        length: 0,
        corked: 0,
        onwrite: [Function: bound onwrite],
        writelen: 0,
        bufferedIndex: 0,
        pendingcb: 0,
        [Symbol(kState)]: 34341828,
        [Symbol(kBufferedValue)]: null,
        [Symbol(kWriteCbValue)]: [Function (anonymous)]
      },
      allowHalfOpen: false,
      _sockname: null,
      _pendingData: null,
      _pendingEncoding: '',
      server: null,
      _server: null,
      timeout: 5000,
      parser: null,
      _httpMessage: [Circular *1],
      write: [Function: writeAfterFIN],
      [Symbol(async_id_symbol)]: 450,
      [Symbol(kHandle)]: null,
      [Symbol(lastWriteQueueSize)]: 0,
      [Symbol(timeout)]: Timeout {
        _idleTimeout: -1,
        _idlePrev: null,
        _idleNext: null,
        _idleStart: 68055,
        _onTimeout: null,
        _timerArgs: undefined,
        _repeat: null,
        _destroyed: true,
        [Symbol(refed)]: false,
        [Symbol(kHasPrimitive)]: false,
        [Symbol(asyncId)]: 449,
        [Symbol(triggerId)]: 446
      },
      [Symbol(kBuffer)]: null,
      [Symbol(kBufferCb)]: null,
      [Symbol(kBufferGen)]: null,
      [Symbol(kCapture)]: false,
      [Symbol(kSetNoDelay)]: true,
      [Symbol(kSetKeepAlive)]: true,
      [Symbol(kSetKeepAliveInitialDelay)]: 60,
      [Symbol(kBytesRead)]: 103,
      [Symbol(kBytesWritten)]: 335
    },
    _header: 'POST /algorithms/add HTTP/1.1\r\n' +
      'Accept: application/json, text/plain, */*\r\n' +
      'Content-Type: application/json\r\n' +
      'API_KEY: abc123\r\n' +
      'User-Agent: axios/1.6.3\r\n' +
      'Content-Length: 73\r\n' +
      'Accept-Encoding: gzip, compress, deflate, br\r\n' +
      'Host: 127.0.0.1:8080\r\n' +
      'Connection: keep-alive\r\n' +
      '\r\n',
    _keepAliveTimeout: 0,
    _onPendingData: [Function: nop],
    agent: Agent {
      _events: [Object: null prototype] {
        free: [Function (anonymous)],
        newListener: [Function: maybeEnableKeylog]
      },
      _eventsCount: 2,
      _maxListeners: undefined,
      defaultPort: 80,
      protocol: 'http:',
      options: [Object: null prototype] {
        keepAlive: true,
        scheduling: 'lifo',
        timeout: 5000,
        noDelay: true,
        path: null
      },
      requests: [Object: null prototype] {},
      sockets: [Object: null prototype] {
        '127.0.0.1:8080:': [
          Socket {
            connecting: false,
            _hadError: false,
            _parent: null,
            _host: null,
            _closeAfterHandlingError: false,
            _readableState: [ReadableState],
            _events: [Object: null prototype],
            _eventsCount: 8,
            _maxListeners: undefined,
            _writableState: [WritableState],
            allowHalfOpen: false,
            _sockname: null,
            _pendingData: null,
            _pendingEncoding: '',
            server: null,
            _server: null,
            timeout: 5000,
            parser: null,
            _httpMessage: [Circular *1],
            write: [Function: writeAfterFIN],
            [Symbol(async_id_symbol)]: 450,
            [Symbol(kHandle)]: null,
            [Symbol(lastWriteQueueSize)]: 0,
            [Symbol(timeout)]: [Timeout],
            [Symbol(kBuffer)]: null,
            [Symbol(kBufferCb)]: null,
            [Symbol(kBufferGen)]: null,
            [Symbol(kCapture)]: false,
            [Symbol(kSetNoDelay)]: true,
            [Symbol(kSetKeepAlive)]: true,
            [Symbol(kSetKeepAliveInitialDelay)]: 60,
            [Symbol(kBytesRead)]: 103,
            [Symbol(kBytesWritten)]: 335
          }
        ]
      },
      freeSockets: [Object: null prototype] {},
      keepAliveMsecs: 1000,
      keepAlive: true,
      maxSockets: Infinity,
      maxFreeSockets: 256,
      scheduling: 'lifo',
      maxTotalSockets: Infinity,
      totalSocketCount: 1,
      [Symbol(kCapture)]: false
    },
    socketPath: undefined,
    method: 'POST',
    maxHeaderSize: undefined,
    insecureHTTPParser: true,
    joinDuplicateHeaders: undefined,
    path: '/algorithms/add',
    _ended: true,
    res: IncomingMessage {
      _readableState: ReadableState {
        highWaterMark: 16384,
        buffer: BufferList { head: null, tail: null, length: 0 },
        length: 0,
        pipes: [],
        awaitDrainWriters: null,
        [Symbol(kState)]: 60094486
      },
      _events: [Object: null prototype] {
        end: [ [Function: responseOnEnd], [Function: handleStreamEnd] ],
        error: [Function: handleStreamError],
        data: [Function: handleStreamData],
        aborted: [Function: handlerStreamAborted]
      },
      _eventsCount: 4,
      _maxListeners: undefined,
      socket: Socket {
        connecting: false,
        _hadError: false,
        _parent: null,
        _host: null,
        _closeAfterHandlingError: false,
        _readableState: ReadableState {
          highWaterMark: 16384,
          buffer: BufferList { head: null, tail: null, length: 0 },
          length: 0,
          pipes: [],
          awaitDrainWriters: null,
          [Symbol(kState)]: 60092438
        },
        _events: [Object: null prototype] {
          end: [ [Function: onReadableStreamEnd], [Function: socketOnEnd] ],
          free: [Function: onFree],
          close: [ [Function: onClose], [Function: socketCloseListener] ],
          timeout: [Function: onTimeout],
          agentRemove: [Function: onRemove],
          error: [Function: socketErrorListener],
          data: [Function: socketOnData],
          drain: [Function: ondrain]
        },
        _eventsCount: 8,
        _maxListeners: undefined,
        _writableState: WritableState {
          highWaterMark: 16384,
          length: 0,
          corked: 0,
          onwrite: [Function: bound onwrite],
          writelen: 0,
          bufferedIndex: 0,
          pendingcb: 0,
          [Symbol(kState)]: 34341828,
          [Symbol(kBufferedValue)]: null,
          [Symbol(kWriteCbValue)]: [Function (anonymous)]
        },
        allowHalfOpen: false,
        _sockname: null,
        _pendingData: null,
        _pendingEncoding: '',
        server: null,
        _server: null,
        timeout: 5000,
        parser: null,
        _httpMessage: [Circular *1],
        write: [Function: writeAfterFIN],
        [Symbol(async_id_symbol)]: 450,
        [Symbol(kHandle)]: null,
        [Symbol(lastWriteQueueSize)]: 0,
        [Symbol(timeout)]: Timeout {
          _idleTimeout: -1,
          _idlePrev: null,
          _idleNext: null,
          _idleStart: 68055,
          _onTimeout: null,
          _timerArgs: undefined,
          _repeat: null,
          _destroyed: true,
          [Symbol(refed)]: false,
          [Symbol(kHasPrimitive)]: false,
          [Symbol(asyncId)]: 449,
          [Symbol(triggerId)]: 446
        },
        [Symbol(kBuffer)]: null,
        [Symbol(kBufferCb)]: null,
        [Symbol(kBufferGen)]: null,
        [Symbol(kCapture)]: false,
        [Symbol(kSetNoDelay)]: true,
        [Symbol(kSetKeepAlive)]: true,
        [Symbol(kSetKeepAliveInitialDelay)]: 60,
        [Symbol(kBytesRead)]: 103,
        [Symbol(kBytesWritten)]: 335
      },
      httpVersionMajor: 1,
      httpVersionMinor: 1,
      httpVersion: '1.1',
      complete: true,
      rawHeaders: [
        'Content-Type',
        'text/plain',
        'Access-Control-Allow-Origin',
        '*',
        'Access-Control-Allow-Headers',
        '*'
      ],
      rawTrailers: [],
      joinDuplicateHeaders: undefined,
      aborted: false,
      upgrade: false,
      url: '',
      method: null,
      statusCode: 400,
      statusMessage: '',
      client: Socket {
        connecting: false,
        _hadError: false,
        _parent: null,
        _host: null,
        _closeAfterHandlingError: false,
        _readableState: ReadableState {
          highWaterMark: 16384,
          buffer: BufferList { head: null, tail: null, length: 0 },
          length: 0,
          pipes: [],
          awaitDrainWriters: null,
          [Symbol(kState)]: 60092438
        },
        _events: [Object: null prototype] {
          end: [ [Function: onReadableStreamEnd], [Function: socketOnEnd] ],
          free: [Function: onFree],
          close: [ [Function: onClose], [Function: socketCloseListener] ],
          timeout: [Function: onTimeout],
          agentRemove: [Function: onRemove],
          error: [Function: socketErrorListener],
          data: [Function: socketOnData],
          drain: [Function: ondrain]
        },
        _eventsCount: 8,
        _maxListeners: undefined,
        _writableState: WritableState {
          highWaterMark: 16384,
          length: 0,
          corked: 0,
          onwrite: [Function: bound onwrite],
          writelen: 0,
          bufferedIndex: 0,
          pendingcb: 0,
          [Symbol(kState)]: 34341828,
          [Symbol(kBufferedValue)]: null,
          [Symbol(kWriteCbValue)]: [Function (anonymous)]
        },
        allowHalfOpen: false,
        _sockname: null,
        _pendingData: null,
        _pendingEncoding: '',
        server: null,
        _server: null,
        timeout: 5000,
        parser: null,
        _httpMessage: [Circular *1],
        write: [Function: writeAfterFIN],
        [Symbol(async_id_symbol)]: 450,
        [Symbol(kHandle)]: null,
        [Symbol(lastWriteQueueSize)]: 0,
        [Symbol(timeout)]: Timeout {
          _idleTimeout: -1,
          _idlePrev: null,
          _idleNext: null,
          _idleStart: 68055,
          _onTimeout: null,
          _timerArgs: undefined,
          _repeat: null,
          _destroyed: true,
          [Symbol(refed)]: false,
          [Symbol(kHasPrimitive)]: false,
          [Symbol(asyncId)]: 449,
          [Symbol(triggerId)]: 446
        },
        [Symbol(kBuffer)]: null,
        [Symbol(kBufferCb)]: null,
        [Symbol(kBufferGen)]: null,
        [Symbol(kCapture)]: false,
        [Symbol(kSetNoDelay)]: true,
        [Symbol(kSetKeepAlive)]: true,
        [Symbol(kSetKeepAliveInitialDelay)]: 60,
        [Symbol(kBytesRead)]: 103,
        [Symbol(kBytesWritten)]: 335
      },
      _consuming: true,
      _dumped: false,
      req: [Circular *1],
      responseUrl: 'http://127.0.0.1:8080/algorithms/add',
      redirects: [],
      [Symbol(kCapture)]: false,
      [Symbol(kHeaders)]: {
        'content-type': 'text/plain',
        'access-control-allow-origin': '*',
        'access-control-allow-headers': '*'
      },
      [Symbol(kHeadersCount)]: 6,
      [Symbol(kTrailers)]: null,
      [Symbol(kTrailersCount)]: 0
    },
    aborted: false,
    timeoutCb: [Function: emitRequestTimeout],
    upgradeOrConnect: false,
    parser: null,
    maxHeadersCount: null,
    reusedSocket: false,
    host: '127.0.0.1',
    protocol: 'http:',
    _redirectable: Writable {
      _writableState: WritableState {
        highWaterMark: 16384,
        length: 0,
        corked: 0,
        onwrite: [Function: bound onwrite],
        writelen: 0,
        bufferedIndex: 0,
        pendingcb: 0,
        [Symbol(kState)]: 34357356,
        [Symbol(kBufferedValue)]: null
      },
      _events: [Object: null prototype] {
        response: [Function: handleResponse],
        error: [Function: handleRequestError],
        socket: [Function: handleRequestSocket]
      },
      _eventsCount: 3,
      _maxListeners: undefined,
      _options: {
        maxRedirects: 21,
        maxBodyLength: Infinity,
        protocol: 'http:',
        path: '/algorithms/add',
        method: 'POST',
        headers: [Object: null prototype] {
          Accept: 'application/json, text/plain, */*',
          'Content-Type': 'application/json',
          API_KEY: 'abc123',
          'User-Agent': 'axios/1.6.3',
          'Content-Length': '73',
          'Accept-Encoding': 'gzip, compress, deflate, br'
        },
        agents: { http: undefined, https: undefined },
        auth: undefined,
        family: undefined,
        beforeRedirect: [Function: dispatchBeforeRedirect],
        beforeRedirects: { proxy: [Function: beforeRedirect] },
        hostname: '127.0.0.1',
        port: '8080',
        agent: undefined,
        insecureHTTPParser: true,
        nativeProtocols: {
          'http:': {
            _connectionListener: [Function: connectionListener],
            METHODS: [Array],
            STATUS_CODES: [Object],
            Agent: [Function],
            ClientRequest: [Function: ClientRequest],
            IncomingMessage: [Function: IncomingMessage],
            OutgoingMessage: [Function: OutgoingMessage],
            Server: [Function: Server],
            ServerResponse: [Function: ServerResponse],
            createServer: [Function: createServer],
            validateHeaderName: [Function: __node_internal_],
            validateHeaderValue: [Function: __node_internal_],
            get: [Function: get],
            request: [Function: request],
            setMaxIdleHTTPParsers: [Function: setMaxIdleHTTPParsers],
            maxHeaderSize: [Getter],
            globalAgent: [Getter/Setter]
          },
          'https:': {
            Agent: [Function: Agent],
            globalAgent: [Agent],
            Server: [Function: Server],
            createServer: [Function: createServer],
            get: [Function: get],
            request: [Function: request]
          }
        },
        pathname: '/algorithms/add'
      },
      _ended: true,
      _ending: true,
      _redirectCount: 0,
      _redirects: [],
      _requestBodyLength: 73,
      _requestBodyBuffers: [],
      _onNativeResponse: [Function (anonymous)],
      _currentRequest: [Circular *1],
      _currentUrl: 'http://127.0.0.1:8080/algorithms/add',
      [Symbol(kCapture)]: false
    },
    [Symbol(kCapture)]: false,
    [Symbol(kBytesWritten)]: 0,
    [Symbol(kNeedDrain)]: false,
    [Symbol(corked)]: 0,
    [Symbol(kOutHeaders)]: [Object: null prototype] {
      accept: [ 'Accept', 'application/json, text/plain, */*' ],
      'content-type': [ 'Content-Type', 'application/json' ],
      api_key: [ 'API_KEY', 'abc123' ],
      'user-agent': [ 'User-Agent', 'axios/1.6.3' ],
      'content-length': [ 'Content-Length', '73' ],
      'accept-encoding': [ 'Accept-Encoding', 'gzip, compress, deflate, br' ],
      host: [ 'Host', '127.0.0.1:8080' ]
    },
    [Symbol(errored)]: null,
    [Symbol(kHighWaterMark)]: 16384,
    [Symbol(kRejectNonStandardBodyWrites)]: false,
    [Symbol(kUniqueHeaders)]: null
  },
  response: {
    status: 400,
    statusText: '',
    headers: Object [AxiosHeaders] {
      'content-type': 'text/plain',
      'access-control-allow-origin': '*',
      'access-control-allow-headers': '*'
    },
    config: {
      transitional: {
        silentJSONParsing: true,
        forcedJSONParsing: true,
        clarifyTimeoutError: false
      },
      adapter: [ 'xhr', 'http' ],
      transformRequest: [ [Function: transformRequest] ],
      transformResponse: [ [Function: transformResponse] ],
      timeout: 0,
      xsrfCookieName: 'XSRF-TOKEN',
      xsrfHeaderName: 'X-XSRF-TOKEN',
      maxContentLength: -1,
      maxBodyLength: -1,
      env: {
        FormData: [Function: FormData] {
          LINE_BREAK: '\r\n',
          DEFAULT_CONTENT_TYPE: 'application/octet-stream'
        },
        Blob: [class Blob]
      },
      validateStatus: [Function: validateStatus],
      headers: Object [AxiosHeaders] {
        Accept: 'application/json, text/plain, */*',
        'Content-Type': 'application/json',
        API_KEY: 'abc123',
        'User-Agent': 'axios/1.6.3',
        'Content-Length': '73',
        'Accept-Encoding': 'gzip, compress, deflate, br'
      },
      insecureHTTPParser: true,
      method: 'post',
      url: 'http://127.0.0.1:8080/algorithms/add',
      data: '{"id":"testrofl","description":"lol","start_funds":"0.002","code":"test"}'
    },
    request: <ref *1> ClientRequest {
      _events: [Object: null prototype] {
        abort: [Function (anonymous)],
        aborted: [Function (anonymous)],
        connect: [Function (anonymous)],
        error: [Function (anonymous)],
        socket: [Function (anonymous)],
        timeout: [Function (anonymous)],
        finish: [Function: requestOnFinish]
      },
      _eventsCount: 7,
      _maxListeners: undefined,
      outputData: [],
      outputSize: 0,
      writable: true,
      destroyed: false,
      _last: false,
      chunkedEncoding: false,
      shouldKeepAlive: false,
      maxRequestsOnConnectionReached: false,
      _defaultKeepAlive: true,
      useChunkedEncodingByDefault: true,
      sendDate: false,
      _removedConnection: false,
      _removedContLen: false,
      _removedTE: false,
      strictContentLength: false,
      _contentLength: '73',
      _hasBody: true,
      _trailer: '',
      finished: true,
      _headerSent: true,
      _closed: false,
      socket: Socket {
        connecting: false,
        _hadError: false,
        _parent: null,
        _host: null,
        _closeAfterHandlingError: false,
        _readableState: ReadableState {
          highWaterMark: 16384,
          buffer: BufferList { head: null, tail: null, length: 0 },
          length: 0,
          pipes: [],
          awaitDrainWriters: null,
          [Symbol(kState)]: 60092438
        },
        _events: [Object: null prototype] {
          end: [ [Function: onReadableStreamEnd], [Function: socketOnEnd] ],
          free: [Function: onFree],
          close: [ [Function: onClose], [Function: socketCloseListener] ],
          timeout: [Function: onTimeout],
          agentRemove: [Function: onRemove],
          error: [Function: socketErrorListener],
          data: [Function: socketOnData],
          drain: [Function: ondrain]
        },
        _eventsCount: 8,
        _maxListeners: undefined,
        _writableState: WritableState {
          highWaterMark: 16384,
          length: 0,
          corked: 0,
          onwrite: [Function: bound onwrite],
          writelen: 0,
          bufferedIndex: 0,
          pendingcb: 0,
          [Symbol(kState)]: 34341828,
          [Symbol(kBufferedValue)]: null,
          [Symbol(kWriteCbValue)]: [Function (anonymous)]
        },
        allowHalfOpen: false,
        _sockname: null,
        _pendingData: null,
        _pendingEncoding: '',
        server: null,
        _server: null,
        timeout: 5000,
        parser: null,
        _httpMessage: [Circular *1],
        write: [Function: writeAfterFIN],
        [Symbol(async_id_symbol)]: 450,
        [Symbol(kHandle)]: null,
        [Symbol(lastWriteQueueSize)]: 0,
        [Symbol(timeout)]: Timeout {
          _idleTimeout: -1,
          _idlePrev: null,
          _idleNext: null,
          _idleStart: 68055,
          _onTimeout: null,
          _timerArgs: undefined,
          _repeat: null,
          _destroyed: true,
          [Symbol(refed)]: false,
          [Symbol(kHasPrimitive)]: false,
          [Symbol(asyncId)]: 449,
          [Symbol(triggerId)]: 446
        },
        [Symbol(kBuffer)]: null,
        [Symbol(kBufferCb)]: null,
        [Symbol(kBufferGen)]: null,
        [Symbol(kCapture)]: false,
        [Symbol(kSetNoDelay)]: true,
        [Symbol(kSetKeepAlive)]: true,
        [Symbol(kSetKeepAliveInitialDelay)]: 60,
        [Symbol(kBytesRead)]: 103,
        [Symbol(kBytesWritten)]: 335
      },
      _header: 'POST /algorithms/add HTTP/1.1\r\n' +
        'Accept: application/json, text/plain, */*\r\n' +
        'Content-Type: application/json\r\n' +
        'API_KEY: abc123\r\n' +
        'User-Agent: axios/1.6.3\r\n' +
        'Content-Length: 73\r\n' +
        'Accept-Encoding: gzip, compress, deflate, br\r\n' +
        'Host: 127.0.0.1:8080\r\n' +
        'Connection: keep-alive\r\n' +
        '\r\n',
      _keepAliveTimeout: 0,
      _onPendingData: [Function: nop],
      agent: Agent {
        _events: [Object: null prototype] {
          free: [Function (anonymous)],
          newListener: [Function: maybeEnableKeylog]
        },
        _eventsCount: 2,
        _maxListeners: undefined,
        defaultPort: 80,
        protocol: 'http:',
        options: [Object: null prototype] {
          keepAlive: true,
          scheduling: 'lifo',
          timeout: 5000,
          noDelay: true,
          path: null
        },
        requests: [Object: null prototype] {},
        sockets: [Object: null prototype] { '127.0.0.1:8080:': [ [Socket] ] },
        freeSockets: [Object: null prototype] {},
        keepAliveMsecs: 1000,
        keepAlive: true,
        maxSockets: Infinity,
        maxFreeSockets: 256,
        scheduling: 'lifo',
        maxTotalSockets: Infinity,
        totalSocketCount: 1,
        [Symbol(kCapture)]: false
      },
      socketPath: undefined,
      method: 'POST',
      maxHeaderSize: undefined,
      insecureHTTPParser: true,
      joinDuplicateHeaders: undefined,
      path: '/algorithms/add',
      _ended: true,
      res: IncomingMessage {
        _readableState: ReadableState {
          highWaterMark: 16384,
          buffer: BufferList { head: null, tail: null, length: 0 },
          length: 0,
          pipes: [],
          awaitDrainWriters: null,
          [Symbol(kState)]: 60094486
        },
        _events: [Object: null prototype] {
          end: [ [Function: responseOnEnd], [Function: handleStreamEnd] ],
          error: [Function: handleStreamError],
          data: [Function: handleStreamData],
          aborted: [Function: handlerStreamAborted]
        },
        _eventsCount: 4,
        _maxListeners: undefined,
        socket: Socket {
          connecting: false,
          _hadError: false,
          _parent: null,
          _host: null,
          _closeAfterHandlingError: false,
          _readableState: ReadableState {
            highWaterMark: 16384,
            buffer: [BufferList],
            length: 0,
            pipes: [],
            awaitDrainWriters: null,
            [Symbol(kState)]: 60092438
          },
          _events: [Object: null prototype] {
            end: [Array],
            free: [Function: onFree],
            close: [Array],
            timeout: [Function: onTimeout],
            agentRemove: [Function: onRemove],
            error: [Function: socketErrorListener],
            data: [Function: socketOnData],
            drain: [Function: ondrain]
          },
          _eventsCount: 8,
          _maxListeners: undefined,
          _writableState: WritableState {
            highWaterMark: 16384,
            length: 0,
            corked: 0,
            onwrite: [Function: bound onwrite],
            writelen: 0,
            bufferedIndex: 0,
            pendingcb: 0,
            [Symbol(kState)]: 34341828,
            [Symbol(kBufferedValue)]: null,
            [Symbol(kWriteCbValue)]: [Function (anonymous)]
          },
          allowHalfOpen: false,
          _sockname: null,
          _pendingData: null,
          _pendingEncoding: '',
          server: null,
          _server: null,
          timeout: 5000,
          parser: null,
          _httpMessage: [Circular *1],
          write: [Function: writeAfterFIN],
          [Symbol(async_id_symbol)]: 450,
          [Symbol(kHandle)]: null,
          [Symbol(lastWriteQueueSize)]: 0,
          [Symbol(timeout)]: Timeout {
            _idleTimeout: -1,
            _idlePrev: null,
            _idleNext: null,
            _idleStart: 68055,
            _onTimeout: null,
            _timerArgs: undefined,
            _repeat: null,
            _destroyed: true,
            [Symbol(refed)]: false,
            [Symbol(kHasPrimitive)]: false,
            [Symbol(asyncId)]: 449,
            [Symbol(triggerId)]: 446
          },
          [Symbol(kBuffer)]: null,
          [Symbol(kBufferCb)]: null,
          [Symbol(kBufferGen)]: null,
          [Symbol(kCapture)]: false,
          [Symbol(kSetNoDelay)]: true,
          [Symbol(kSetKeepAlive)]: true,
          [Symbol(kSetKeepAliveInitialDelay)]: 60,
          [Symbol(kBytesRead)]: 103,
          [Symbol(kBytesWritten)]: 335
        },
        httpVersionMajor: 1,
        httpVersionMinor: 1,
        httpVersion: '1.1',
        complete: true,
        rawHeaders: [
          'Content-Type',
          'text/plain',
          'Access-Control-Allow-Origin',
          '*',
          'Access-Control-Allow-Headers',
          '*'
        ],
        rawTrailers: [],
        joinDuplicateHeaders: undefined,
        aborted: false,
        upgrade: false,
        url: '',
        method: null,
        statusCode: 400,
        statusMessage: '',
        client: Socket {
          connecting: false,
          _hadError: false,
          _parent: null,
          _host: null,
          _closeAfterHandlingError: false,
          _readableState: ReadableState {
            highWaterMark: 16384,
            buffer: [BufferList],
            length: 0,
            pipes: [],
            awaitDrainWriters: null,
            [Symbol(kState)]: 60092438
          },
          _events: [Object: null prototype] {
            end: [Array],
            free: [Function: onFree],
            close: [Array],
            timeout: [Function: onTimeout],
            agentRemove: [Function: onRemove],
            error: [Function: socketErrorListener],
            data: [Function: socketOnData],
            drain: [Function: ondrain]
          },
          _eventsCount: 8,
          _maxListeners: undefined,
          _writableState: WritableState {
            highWaterMark: 16384,
            length: 0,
            corked: 0,
            onwrite: [Function: bound onwrite],
            writelen: 0,
            bufferedIndex: 0,
            pendingcb: 0,
            [Symbol(kState)]: 34341828,
            [Symbol(kBufferedValue)]: null,
            [Symbol(kWriteCbValue)]: [Function (anonymous)]
          },
          allowHalfOpen: false,
          _sockname: null,
          _pendingData: null,
          _pendingEncoding: '',
          server: null,
          _server: null,
          timeout: 5000,
          parser: null,
          _httpMessage: [Circular *1],
          write: [Function: writeAfterFIN],
          [Symbol(async_id_symbol)]: 450,
          [Symbol(kHandle)]: null,
          [Symbol(lastWriteQueueSize)]: 0,
          [Symbol(timeout)]: Timeout {
            _idleTimeout: -1,
            _idlePrev: null,
            _idleNext: null,
            _idleStart: 68055,
            _onTimeout: null,
            _timerArgs: undefined,
            _repeat: null,
            _destroyed: true,
            [Symbol(refed)]: false,
            [Symbol(kHasPrimitive)]: false,
            [Symbol(asyncId)]: 449,
            [Symbol(triggerId)]: 446
          },
          [Symbol(kBuffer)]: null,
          [Symbol(kBufferCb)]: null,
          [Symbol(kBufferGen)]: null,
          [Symbol(kCapture)]: false,
          [Symbol(kSetNoDelay)]: true,
          [Symbol(kSetKeepAlive)]: true,
          [Symbol(kSetKeepAliveInitialDelay)]: 60,
          [Symbol(kBytesRead)]: 103,
          [Symbol(kBytesWritten)]: 335
        },
        _consuming: true,
        _dumped: false,
        req: [Circular *1],
        responseUrl: 'http://127.0.0.1:8080/algorithms/add',
        redirects: [],
        [Symbol(kCapture)]: false,
        [Symbol(kHeaders)]: {
          'content-type': 'text/plain',
          'access-control-allow-origin': '*',
          'access-control-allow-headers': '*'
        },
        [Symbol(kHeadersCount)]: 6,
        [Symbol(kTrailers)]: null,
        [Symbol(kTrailersCount)]: 0
      },
      aborted: false,
      timeoutCb: [Function: emitRequestTimeout],
      upgradeOrConnect: false,
      parser: null,
      maxHeadersCount: null,
      reusedSocket: false,
      host: '127.0.0.1',
      protocol: 'http:',
      _redirectable: Writable {
        _writableState: WritableState {
          highWaterMark: 16384,
          length: 0,
          corked: 0,
          onwrite: [Function: bound onwrite],
          writelen: 0,
          bufferedIndex: 0,
          pendingcb: 0,
          [Symbol(kState)]: 34357356,
          [Symbol(kBufferedValue)]: null
        },
        _events: [Object: null prototype] {
          response: [Function: handleResponse],
          error: [Function: handleRequestError],
          socket: [Function: handleRequestSocket]
        },
        _eventsCount: 3,
        _maxListeners: undefined,
        _options: {
          maxRedirects: 21,
          maxBodyLength: Infinity,
          protocol: 'http:',
          path: '/algorithms/add',
          method: 'POST',
          headers: [Object: null prototype] {
            Accept: 'application/json, text/plain, */*',
            'Content-Type': 'application/json',
            API_KEY: 'abc123',
            'User-Agent': 'axios/1.6.3',
            'Content-Length': '73',
            'Accept-Encoding': 'gzip, compress, deflate, br'
          },
          agents: { http: undefined, https: undefined },
          auth: undefined,
          family: undefined,
          beforeRedirect: [Function: dispatchBeforeRedirect],
          beforeRedirects: { proxy: [Function: beforeRedirect] },
          hostname: '127.0.0.1',
          port: '8080',
          agent: undefined,
          insecureHTTPParser: true,
          nativeProtocols: { 'http:': [Object], 'https:': [Object] },
          pathname: '/algorithms/add'
        },
        _ended: true,
        _ending: true,
        _redirectCount: 0,
        _redirects: [],
        _requestBodyLength: 73,
        _requestBodyBuffers: [],
        _onNativeResponse: [Function (anonymous)],
        _currentRequest: [Circular *1],
        _currentUrl: 'http://127.0.0.1:8080/algorithms/add',
        [Symbol(kCapture)]: false
      },
      [Symbol(kCapture)]: false,
      [Symbol(kBytesWritten)]: 0,
      [Symbol(kNeedDrain)]: false,
      [Symbol(corked)]: 0,
      [Symbol(kOutHeaders)]: [Object: null prototype] {
        accept: [ 'Accept', 'application/json, text/plain, */*' ],
        'content-type': [ 'Content-Type', 'application/json' ],
        api_key: [ 'API_KEY', 'abc123' ],
        'user-agent': [ 'User-Agent', 'axios/1.6.3' ],
        'content-length': [ 'Content-Length', '73' ],
        'accept-encoding': [ 'Accept-Encoding', 'gzip, compress, deflate, br' ],
        host: [ 'Host', '127.0.0.1:8080' ]
      },
      [Symbol(errored)]: null,
      [Symbol(kHighWaterMark)]: 16384,
      [Symbol(kRejectNonStandardBodyWrites)]: false,
      [Symbol(kUniqueHeaders)]: null
    },
    data: '\n'
  }
}

Node.js v20.10.0
